0 verbose cli /usr/bin/node /usr/bin/npm
1 info using npm@9.2.0
2 info using node@v18.20.4
3 timing npm:load:whichnode Completed in 1ms
4 timing config:load:defaults Completed in 1ms
5 timing config:load:file:/usr/share/nodejs/npm/npmrc Completed in 1ms
6 timing config:load:builtin Completed in 1ms
7 timing config:load:cli Completed in 1ms
8 timing config:load:env Completed in 0ms
9 timing config:load:project Completed in 1ms
10 timing config:load:file:/var/www/.npmrc Completed in 0ms
11 timing config:load:user Completed in 0ms
12 timing config:load:file:/etc/npmrc Completed in 0ms
13 timing config:load:global Completed in 0ms
14 timing config:load:setEnvs Completed in 1ms
15 timing config:load Completed in 5ms
16 timing npm:load:configload Completed in 5ms
17 timing npm:load:mkdirpcache Completed in 0ms
18 timing npm:load:mkdirplogs Completed in 0ms
19 verbose title npm install @rollup/rollup-linux-arm64-gnu
20 verbose argv "install" "@rollup/rollup-linux-arm64-gnu" "--save-optional"
21 timing npm:load:setTitle Completed in 1ms
22 timing config:load:flatten Completed in 1ms
23 timing npm:load:display Completed in 1ms
24 verbose logfile logs-max:10 dir:/var/www/.npm/_logs/2026-02-07T19_08_55_570Z-
25 verbose logfile /var/www/.npm/_logs/2026-02-07T19_08_55_570Z-debug-0.log
26 timing npm:load:logFile Completed in 5ms
27 timing npm:load:timers Completed in 0ms
28 timing npm:load:configScope Completed in 0ms
29 timing npm:load Completed in 13ms
30 timing config:load:flatten Completed in 1ms
31 timing arborist:ctor Completed in 0ms
32 silly logfile done cleaning log files
33 timing idealTree:init Completed in 158ms
34 timing idealTree:userRequests Completed in 4ms
35 silly idealTree buildDeps
36 silly fetch manifest @rollup/rollup-linux-arm64-gnu@*
37 timing arborist:ctor Completed in 0ms
38 http fetch GET 200 https://registry.npmjs.org/@rollup%2frollup-linux-arm64-gnu 436ms (cache miss)
39 silly placeDep ROOT @rollup/rollup-linux-arm64-gnu@4.57.1 REPLACE for:  want: *
40 timing idealTree:#root Completed in 441ms
41 timing idealTree:node_modules/@rollup/rollup-linux-arm64-gnu Completed in 0ms
42 timing idealTree:node_modules/@tailwindcss/oxide-wasm32-wasi Completed in 0ms
43 timing idealTree:buildDeps Completed in 442ms
44 timing idealTree:fixDepFlags Completed in 3ms
45 timing idealTree Completed in 611ms
46 timing reify:loadTrees Completed in 611ms
47 timing reify:diffTrees Completed in 13ms
48 silly reify moves {}
49 timing reify:retireShallow Completed in 1ms
50 timing reify:createSparse Completed in 20ms
51 verbose reify failed optional dependency /var/www/node_modules/@tailwindcss/oxide-wasm32-wasi
52 silly reify mark deleted [ '/var/www/node_modules/@tailwindcss/oxide-wasm32-wasi' ]
53 timing reifyNode:node_modules/@tailwindcss/oxide-wasm32-wasi Completed in 2ms
54 timing arborist:ctor Completed in 1ms
55 timing reify:diffTrees Completed in 4ms
56 timing reify:loadBundles Completed in 10ms
57 silly audit bulk request {
57 silly audit   '@babel/code-frame': [ '7.29.0' ],
57 silly audit   '@babel/compat-data': [ '7.29.0' ],
57 silly audit   '@babel/core': [ '7.29.0' ],
57 silly audit   '@babel/generator': [ '7.29.1' ],
57 silly audit   '@babel/helper-compilation-targets': [ '7.28.6' ],
57 silly audit   '@babel/helper-globals': [ '7.28.0' ],
57 silly audit   '@babel/helper-module-imports': [ '7.28.6' ],
57 silly audit   '@babel/helper-module-transforms': [ '7.28.6' ],
57 silly audit   '@babel/helper-plugin-utils': [ '7.28.6' ],
57 silly audit   '@babel/helper-string-parser': [ '7.27.1' ],
57 silly audit   '@babel/helper-validator-identifier': [ '7.28.5' ],
57 silly audit   '@babel/helper-validator-option': [ '7.27.1' ],
57 silly audit   '@babel/helpers': [ '7.28.6' ],
57 silly audit   '@babel/parser': [ '7.29.0' ],
57 silly audit   '@babel/plugin-transform-react-jsx-self': [ '7.27.1' ],
57 silly audit   '@babel/plugin-transform-react-jsx-source': [ '7.27.1' ],
57 silly audit   '@babel/template': [ '7.28.6' ],
57 silly audit   '@babel/traverse': [ '7.29.0' ],
57 silly audit   '@babel/types': [ '7.29.0' ],
57 silly audit   '@esbuild/aix-ppc64': [ '0.25.12' ],
57 silly audit   '@esbuild/android-arm': [ '0.25.12' ],
57 silly audit   '@esbuild/android-arm64': [ '0.25.12' ],
57 silly audit   '@esbuild/android-x64': [ '0.25.12' ],
57 silly audit   '@esbuild/darwin-arm64': [ '0.25.12' ],
57 silly audit   '@esbuild/darwin-x64': [ '0.25.12' ],
57 silly audit   '@esbuild/freebsd-arm64': [ '0.25.12' ],
57 silly audit   '@esbuild/freebsd-x64': [ '0.25.12' ],
57 silly audit   '@esbuild/linux-arm': [ '0.25.12' ],
57 silly audit   '@esbuild/linux-arm64': [ '0.25.12' ],
57 silly audit   '@esbuild/linux-ia32': [ '0.25.12' ],
57 silly audit   '@esbuild/linux-loong64': [ '0.25.12' ],
57 silly audit   '@esbuild/linux-mips64el': [ '0.25.12' ],
57 silly audit   '@esbuild/linux-ppc64': [ '0.25.12' ],
57 silly audit   '@esbuild/linux-riscv64': [ '0.25.12' ],
57 silly audit   '@esbuild/linux-s390x': [ '0.25.12' ],
57 silly audit   '@esbuild/linux-x64': [ '0.25.12' ],
57 silly audit   '@esbuild/netbsd-arm64': [ '0.25.12' ],
57 silly audit   '@esbuild/netbsd-x64': [ '0.25.12' ],
57 silly audit   '@esbuild/openbsd-arm64': [ '0.25.12' ],
57 silly audit   '@esbuild/openbsd-x64': [ '0.25.12' ],
57 silly audit   '@esbuild/openharmony-arm64': [ '0.25.12' ],
57 silly audit   '@esbuild/sunos-x64': [ '0.25.12' ],
57 silly audit   '@esbuild/win32-arm64': [ '0.25.12' ],
57 silly audit   '@esbuild/win32-ia32': [ '0.25.12' ],
57 silly audit   '@esbuild/win32-x64': [ '0.25.12' ],
57 silly audit   '@eslint-community/eslint-utils': [ '4.9.1' ],
57 silly audit   'eslint-visitor-keys': [ '3.4.3', '4.2.1' ],
57 silly audit   '@eslint-community/regexpp': [ '4.12.2' ],
57 silly audit   '@eslint/config-array': [ '0.21.1' ],
57 silly audit   '@eslint/config-helpers': [ '0.4.2' ],
57 silly audit   '@eslint/core': [ '0.17.0' ],
57 silly audit   '@eslint/eslintrc': [ '3.3.3' ],
57 silly audit   globals: [ '14.0.0', '15.15.0' ],
57 silly audit   '@eslint/js': [ '9.39.2' ],
57 silly audit   '@eslint/object-schema': [ '2.1.7' ],
57 silly audit   '@eslint/plugin-kit': [ '0.4.1' ],
57 silly audit   '@floating-ui/core': [ '1.7.4' ],
57 silly audit   '@floating-ui/dom': [ '1.7.5' ],
57 silly audit   '@floating-ui/react': [ '0.26.28' ],
57 silly audit   '@floating-ui/react-dom': [ '2.1.7' ],
57 silly audit   '@floating-ui/utils': [ '0.2.10' ],
57 silly audit   '@headlessui/react': [ '2.2.9' ],
57 silly audit   '@humanfs/core': [ '0.19.1' ],
57 silly audit   '@humanfs/node': [ '0.16.7' ],
57 silly audit   '@humanwhocodes/module-importer': [ '1.0.1' ],
57 silly audit   '@humanwhocodes/retry': [ '0.4.3' ],
57 silly audit   '@inertiajs/core': [ '2.3.13' ],
57 silly audit   '@inertiajs/react': [ '2.3.13' ],
57 silly audit   '@jridgewell/gen-mapping': [ '0.3.13' ],
57 silly audit   '@jridgewell/remapping': [ '2.3.5' ],
57 silly audit   '@jridgewell/resolve-uri': [ '3.1.2' ],
57 silly audit   '@jridgewell/sourcemap-codec': [ '1.5.5' ],
57 silly audit   '@jridgewell/trace-mapping': [ '0.3.31' ],
57 silly audit   '@radix-ui/number': [ '1.1.1' ],
57 silly audit   '@radix-ui/primitive': [ '1.1.3' ],
57 silly audit   '@radix-ui/react-arrow': [ '1.1.7' ],
57 silly audit   '@radix-ui/react-primitive': [ '2.1.3', '2.1.4' ],
57 silly audit   '@radix-ui/react-slot': [ '1.2.3', '1.2.4' ],
57 silly audit   '@radix-ui/react-avatar': [ '1.1.11' ],
57 silly audit   '@radix-ui/react-checkbox': [ '1.3.3' ],
57 silly audit   '@radix-ui/react-context': [ '1.1.2', '1.1.3' ],
57 silly audit   '@radix-ui/react-collapsible': [ '1.1.12' ],
57 silly audit   '@radix-ui/react-collection': [ '1.1.7' ],
57 silly audit   '@radix-ui/react-compose-refs': [ '1.1.2' ],
57 silly audit   '@radix-ui/react-dialog': [ '1.1.15' ],
57 silly audit   '@radix-ui/react-direction': [ '1.1.1' ],
57 silly audit   '@radix-ui/react-dismissable-layer': [ '1.1.11' ],
57 silly audit   '@radix-ui/react-dropdown-menu': [ '2.1.16' ],
57 silly audit   '@radix-ui/react-focus-guards': [ '1.1.3' ],
57 silly audit   '@radix-ui/react-focus-scope': [ '1.1.7' ],
57 silly audit   '@radix-ui/react-id': [ '1.1.1' ],
57 silly audit   '@radix-ui/react-label': [ '2.1.8' ],
57 silly audit   '@radix-ui/react-menu': [ '2.1.16' ],
57 silly audit   '@radix-ui/react-navigation-menu': [ '1.2.14' ],
57 silly audit   '@radix-ui/react-popper': [ '1.2.8' ],
57 silly audit   '@radix-ui/react-portal': [ '1.1.9' ],
57 silly audit   '@radix-ui/react-presence': [ '1.1.5' ],
57 silly audit   '@radix-ui/react-roving-focus': [ '1.1.11' ],
57 silly audit   '@radix-ui/react-select': [ '2.2.6' ],
57 silly audit   '@radix-ui/react-separator': [ '1.1.8' ],
57 silly audit   '@radix-ui/react-toggle': [ '1.1.10' ],
57 silly audit   '@radix-ui/react-toggle-group': [ '1.1.11' ],
57 silly audit   '@radix-ui/react-tooltip': [ '1.2.8' ],
57 silly audit   '@radix-ui/react-use-callback-ref': [ '1.1.1' ],
57 silly audit   '@radix-ui/react-use-controllable-state': [ '1.2.2' ],
57 silly audit   '@radix-ui/react-use-effect-event': [ '0.0.2' ],
57 silly audit   '@radix-ui/react-use-escape-keydown': [ '1.1.1' ],
57 silly audit   '@radix-ui/react-use-is-hydrated': [ '0.1.0' ],
57 silly audit   '@radix-ui/react-use-layout-effect': [ '1.1.1' ],
57 silly audit   '@radix-ui/react-use-previous': [ '1.1.1' ],
57 silly audit   '@radix-ui/react-use-rect': [ '1.1.1' ],
57 silly audit   '@radix-ui/react-use-size': [ '1.1.1' ],
57 silly audit   '@radix-ui/react-visually-hidden': [ '1.2.3' ],
57 silly audit   '@radix-ui/rect': [ '1.1.1' ],
57 silly audit   '@react-aria/focus': [ '3.21.4' ],
57 silly audit   '@react-aria/interactions': [ '3.27.0' ],
57 silly audit   '@react-aria/ssr': [ '3.9.10' ],
57 silly audit   '@react-aria/utils': [ '3.33.0' ],
57 silly audit   '@react-stately/flags': [ '3.1.2' ],
57 silly audit   '@react-stately/utils': [ '3.11.0' ],
57 silly audit   '@react-types/shared': [ '3.33.0' ],
57 silly audit   '@rolldown/pluginutils': [ '1.0.0-beta.27' ],
57 silly audit   '@rollup/rollup-android-arm-eabi': [ '4.57.1' ],
57 silly audit   '@rollup/rollup-android-arm64': [ '4.57.1' ],
57 silly audit   '@rollup/rollup-darwin-arm64': [ '4.57.1' ],
57 silly audit   '@rollup/rollup-darwin-x64': [ '4.57.1' ],
57 silly audit   '@rollup/rollup-freebsd-arm64': [ '4.57.1' ],
57 silly audit   '@rollup/rollup-freebsd-x64': [ '4.57.1' ],
57 silly audit   '@rollup/rollup-linux-arm-gnueabihf': [ '4.57.1' ],
57 silly audit   '@rollup/rollup-linux-arm-musleabihf': [ '4.57.1' ],
57 silly audit   '@rollup/rollup-linux-arm64-musl': [ '4.57.1' ],
57 silly audit   '@rollup/rollup-linux-loong64-gnu': [ '4.57.1' ],
57 silly audit   '@rollup/rollup-linux-loong64-musl': [ '4.57.1' ],
57 silly audit   '@rollup/rollup-linux-ppc64-gnu': [ '4.57.1' ],
57 silly audit   '@rollup/rollup-linux-ppc64-musl': [ '4.57.1' ],
57 silly audit   '@rollup/rollup-linux-riscv64-gnu': [ '4.57.1' ],
57 silly audit   '@rollup/rollup-linux-riscv64-musl': [ '4.57.1' ],
57 silly audit   '@rollup/rollup-linux-s390x-gnu': [ '4.57.1' ],
57 silly audit   '@rollup/rollup-linux-x64-gnu': [ '4.9.5', '4.57.1' ],
57 silly audit   '@rollup/rollup-linux-x64-musl': [ '4.57.1' ],
57 silly audit   '@rollup/rollup-openbsd-x64': [ '4.57.1' ],
57 silly audit   '@rollup/rollup-openharmony-arm64': [ '4.57.1' ],
57 silly audit   '@rollup/rollup-win32-arm64-msvc': [ '4.57.1' ],
57 silly audit   '@rollup/rollup-win32-ia32-msvc': [ '4.57.1' ],
57 silly audit   '@rollup/rollup-win32-x64-gnu': [ '4.57.1' ],
57 silly audit   '@rollup/rollup-win32-x64-msvc': [ '4.57.1' ],
57 silly audit   '@swc/helpers': [ '0.5.18' ],
57 silly audit   '@tailwindcss/node': [ '4.1.18' ],
57 silly audit   '@tailwindcss/oxide': [ '4.1.18' ],
57 silly audit   '@tailwindcss/oxide-android-arm64': [ '4.1.18' ],
57 silly audit   '@tailwindcss/oxide-darwin-arm64': [ '4.1.18' ],
57 silly audit   '@tailwindcss/oxide-darwin-x64': [ '4.1.18' ],
57 silly audit   '@tailwindcss/oxide-freebsd-x64': [ '4.1.18' ],
57 silly audit   '@tailwindcss/oxide-linux-arm-gnueabihf': [ '4.1.18' ],
57 silly audit   '@tailwindcss/oxide-linux-arm64-gnu': [ '4.1.18' ],
57 silly audit   '@tailwindcss/oxide-linux-arm64-musl': [ '4.1.18' ],
57 silly audit   '@tailwindcss/oxide-linux-x64-gnu': [ '4.1.18' ],
57 silly audit   '@tailwindcss/oxide-linux-x64-musl': [ '4.1.18' ],
57 silly audit   '@tailwindcss/oxide-win32-arm64-msvc': [ '4.1.18' ],
57 silly audit   '@tailwindcss/oxide-win32-x64-msvc': [ '4.1.18' ],
57 silly audit   '@tailwindcss/vite': [ '4.1.18' ],
57 silly audit   '@tanstack/react-virtual': [ '3.13.18' ],
57 silly audit   '@tanstack/virtual-core': [ '3.13.18' ],
57 silly audit   '@types/babel__core': [ '7.20.5' ],
57 silly audit   '@types/babel__generator': [ '7.27.0' ],
57 silly audit   '@types/babel__template': [ '7.4.4' ],
57 silly audit   '@types/babel__traverse': [ '7.28.0' ],
57 silly audit   '@types/estree': [ '1.0.8' ],
57 silly audit   '@types/json-schema': [ '7.0.15' ],
57 silly audit   '@types/lodash': [ '4.17.23' ],
57 silly audit   '@types/lodash-es': [ '4.17.12' ],
57 silly audit   '@types/node': [ '22.19.9' ],
57 silly audit   '@types/react': [ '19.2.13' ],
57 silly audit   '@types/react-dom': [ '19.2.3' ],
57 silly audit   '@typescript-eslint/eslint-plugin': [ '8.54.0' ],
57 silly audit   ignore: [ '7.0.5', '5.3.2' ],
57 silly audit   '@typescript-eslint/parser': [ '8.54.0' ],
57 silly audit   '@typescript-eslint/project-service': [ '8.54.0' ],
57 silly audit   '@typescript-eslint/scope-manager': [ '8.54.0' ],
57 silly audit   '@typescript-eslint/tsconfig-utils': [ '8.54.0' ],
57 silly audit   '@typescript-eslint/type-utils': [ '8.54.0' ],
57 silly audit   '@typescript-eslint/types': [ '8.54.0' ],
57 silly audit   '@typescript-eslint/typescript-estree': [ '8.54.0' ],
57 silly audit   'brace-expansion': [ '2.0.2', '1.1.12' ],
57 silly audit   minimatch: [ '9.0.5', '3.1.2' ],
57 silly audit   semver: [ '7.7.4', '6.3.1' ],
57 silly audit   '@typescript-eslint/utils': [ '8.54.0' ],
57 silly audit   '@typescript-eslint/visitor-keys': [ '8.54.0' ],
57 silly audit   '@vitejs/plugin-react': [ '4.7.0' ],
57 silly audit   acorn: [ '8.15.0' ],
57 silly audit   'acorn-jsx': [ '5.3.2' ],
57 silly audit   ajv: [ '6.12.6' ],
57 silly audit   'ansi-regex': [ '5.0.1' ],
57 silly audit   'ansi-styles': [ '4.3.0' ],
57 silly audit   argparse: [ '2.0.1' ],
57 silly audit   'aria-hidden': [ '1.2.6' ],
57 silly audit   'array-buffer-byte-length': [ '1.0.2' ],
57 silly audit   'array-includes': [ '3.1.9' ],
57 silly audit   'array.prototype.findlast': [ '1.2.5' ],
57 silly audit   'array.prototype.flat': [ '1.3.3' ],
57 silly audit   'array.prototype.flatmap': [ '1.3.3' ],
57 silly audit   'array.prototype.tosorted': [ '1.1.4' ],
57 silly audit   'arraybuffer.prototype.slice': [ '1.0.4' ],
57 silly audit   'async-function': [ '1.0.0' ],
57 silly audit   asynckit: [ '0.4.0' ],
57 silly audit   'available-typed-arrays': [ '1.0.7' ],
57 silly audit   axios: [ '1.13.4' ],
57 silly audit   'balanced-match': [ '1.0.2' ],
57 silly audit   'baseline-browser-mapping': [ '2.9.19' ],
57 silly audit   browserslist: [ '4.28.1' ],
57 silly audit   'call-bind': [ '1.0.8' ],
57 silly audit   'call-bind-apply-helpers': [ '1.0.2' ],
57 silly audit   'call-bound': [ '1.0.4' ],
57 silly audit   callsites: [ '3.1.0' ],
57 silly audit   'caniuse-lite': [ '1.0.30001769' ],
57 silly audit   chalk: [ '4.1.2' ],
57 silly audit   'supports-color': [ '7.2.0', '8.1.1' ],
57 silly audit   'class-variance-authority': [ '0.7.1' ],
57 silly audit   cliui: [ '8.0.1' ],
57 silly audit   clsx: [ '2.1.1' ],
57 silly audit   'color-convert': [ '2.0.1' ],
57 silly audit   'color-name': [ '1.1.4' ],
57 silly audit   'combined-stream': [ '1.0.8' ],
57 silly audit   'concat-map': [ '0.0.1' ],
57 silly audit   concurrently: [ '9.2.1' ],
57 silly audit   'convert-source-map': [ '2.0.0' ],
57 silly audit   'cross-spawn': [ '7.0.6' ],
57 silly audit   csstype: [ '3.2.3' ],
57 silly audit   'data-view-buffer': [ '1.0.2' ],
57 silly audit   'data-view-byte-length': [ '1.0.2' ],
57 silly audit   'data-view-byte-offset': [ '1.0.1' ],
57 silly audit   debug: [ '4.4.3' ],
57 silly audit   'deep-is': [ '0.1.4' ],
57 silly audit   'define-data-property': [ '1.1.4' ],
57 silly audit   'define-properties': [ '1.2.1' ],
57 silly audit   'delayed-stream': [ '1.0.0' ],
57 silly audit   'detect-libc': [ '2.1.2' ],
57 silly audit   'detect-node-es': [ '1.1.0' ],
57 silly audit   doctrine: [ '2.1.0' ],
57 silly audit   'dunder-proto': [ '1.0.1' ],
57 silly audit   'electron-to-chromium': [ '1.5.286' ],
57 silly audit   'emoji-regex': [ '8.0.0' ],
57 silly audit   'enhanced-resolve': [ '5.19.0' ],
57 silly audit   'es-abstract': [ '1.24.1' ],
57 silly audit   'es-define-property': [ '1.0.1' ],
57 silly audit   'es-errors': [ '1.3.0' ],
57 silly audit   'es-iterator-helpers': [ '1.2.2' ],
57 silly audit   'es-object-atoms': [ '1.1.1' ],
57 silly audit   'es-set-tostringtag': [ '2.1.0' ],
57 silly audit   'es-shim-unscopables': [ '1.1.0' ],
57 silly audit   'es-to-primitive': [ '1.3.0' ],
57 silly audit   esbuild: [ '0.25.12' ],
57 silly audit   escalade: [ '3.2.0' ],
57 silly audit   'escape-string-regexp': [ '4.0.0' ],
57 silly audit   eslint: [ '9.39.2' ],
57 silly audit   'eslint-config-prettier': [ '10.1.8' ],
57 silly audit   'eslint-plugin-react': [ '7.37.5' ],
57 silly audit   'eslint-plugin-react-hooks': [ '5.2.0' ],
57 silly audit   'eslint-scope': [ '8.4.0' ],
57 silly audit   espree: [ '10.4.0' ],
57 silly audit   esquery: [ '1.7.0' ],
57 silly audit   esrecurse: [ '4.3.0' ],
57 silly audit   estraverse: [ '5.3.0' ],
57 silly audit   esutils: [ '2.0.3' ],
57 silly audit   'fast-deep-equal': [ '3.1.3' ],
57 silly audit   'fast-json-stable-stringify': [ '2.1.0' ],
57 silly audit   'fast-levenshtein': [ '2.0.6' ],
57 silly audit   fdir: [ '6.5.0' ],
57 silly audit   'file-entry-cache': [ '8.0.0' ],
57 silly audit   'find-up': [ '5.0.0' ],
57 silly audit   'flat-cache': [ '4.0.1' ],
57 silly audit   flatted: [ '3.3.3' ],
57 silly audit   'follow-redirects': [ '1.15.11' ],
57 silly audit   'for-each': [ '0.3.5' ],
57 silly audit   'form-data': [ '4.0.5' ],
57 silly audit   'framer-motion': [ '12.33.0' ],
57 silly audit   fsevents: [ '2.3.3' ],
57 silly audit   'function-bind': [ '1.1.2' ],
57 silly audit   'function.prototype.name': [ '1.1.8' ],
57 silly audit   'functions-have-names': [ '1.2.3' ],
57 silly audit   'generator-function': [ '2.0.1' ],
57 silly audit   gensync: [ '1.0.0-beta.2' ],
57 silly audit   'get-caller-file': [ '2.0.5' ],
57 silly audit   'get-intrinsic': [ '1.3.0' ],
57 silly audit   'get-nonce': [ '1.0.1' ],
57 silly audit   'get-proto': [ '1.0.1' ],
57 silly audit   'get-symbol-description': [ '1.1.0' ],
57 silly audit   'glob-parent': [ '6.0.2' ],
57 silly audit   globalthis: [ '1.0.4' ],
57 silly audit   gopd: [ '1.2.0' ],
57 silly audit   'graceful-fs': [ '4.2.11' ],
57 silly audit   'has-bigints': [ '1.1.0' ],
57 silly audit   'has-flag': [ '4.0.0' ],
57 silly audit   'has-property-descriptors': [ '1.0.2' ],
57 silly audit   'has-proto': [ '1.2.0' ],
57 silly audit   'has-symbols': [ '1.1.0' ],
57 silly audit   'has-tostringtag': [ '1.0.2' ],
57 silly audit   hasown: [ '2.0.2' ],
57 silly audit   'import-fresh': [ '3.3.1' ],
57 silly audit   imurmurhash: [ '0.1.4' ],
57 silly audit   'internal-slot': [ '1.1.0' ],
57 silly audit   'is-array-buffer': [ '3.0.5' ],
57 silly audit   'is-async-function': [ '2.1.1' ],
57 silly audit   'is-bigint': [ '1.1.0' ],
57 silly audit   'is-boolean-object': [ '1.2.2' ],
57 silly audit   'is-callable': [ '1.2.7' ],
57 silly audit   'is-core-module': [ '2.16.1' ],
57 silly audit   'is-data-view': [ '1.0.2' ],
57 silly audit   'is-date-object': [ '1.1.0' ],
57 silly audit   'is-extglob': [ '2.1.1' ],
57 silly audit   'is-finalizationregistry': [ '1.1.1' ],
57 silly audit   'is-fullwidth-code-point': [ '3.0.0' ],
57 silly audit   'is-generator-function': [ '1.1.2' ],
57 silly audit   'is-glob': [ '4.0.3' ],
57 silly audit   'is-map': [ '2.0.3' ],
57 silly audit   'is-negative-zero': [ '2.0.3' ],
57 silly audit   'is-number-object': [ '1.1.1' ],
57 silly audit   'is-regex': [ '1.2.1' ],
57 silly audit   'is-set': [ '2.0.3' ],
57 silly audit   'is-shared-array-buffer': [ '1.0.4' ],
57 silly audit   'is-string': [ '1.1.1' ],
57 silly audit   'is-symbol': [ '1.1.1' ],
57 silly audit   'is-typed-array': [ '1.1.15' ],
57 silly audit   'is-weakmap': [ '2.0.2' ],
57 silly audit   'is-weakref': [ '1.1.1' ],
57 silly audit   'is-weakset': [ '2.0.4' ],
57 silly audit   isarray: [ '2.0.5' ],
57 silly audit   isexe: [ '2.0.0' ],
57 silly audit   'iterator.prototype': [ '1.1.5' ],
57 silly audit   jiti: [ '2.6.1' ],
57 silly audit   'js-tokens': [ '4.0.0' ],
57 silly audit   'js-yaml': [ '4.1.1' ],
57 silly audit   jsesc: [ '3.1.0' ],
57 silly audit   'json-buffer': [ '3.0.1' ],
57 silly audit   'json-schema-traverse': [ '0.4.1' ],
57 silly audit   'json-stable-stringify-without-jsonify': [ '1.0.1' ],
57 silly audit   json5: [ '2.2.3' ],
57 silly audit   'jsx-ast-utils': [ '3.3.5' ],
57 silly audit   keyv: [ '4.5.4' ],
57 silly audit   'laravel-precognition': [ '1.0.2' ],
57 silly audit   'laravel-vite-plugin': [ '1.3.0' ],
57 silly audit   levn: [ '0.4.1' ],
57 silly audit   lightningcss: [ '1.30.2' ],
57 silly audit   'lightningcss-android-arm64': [ '1.30.2' ],
57 silly audit   'lightningcss-darwin-arm64': [ '1.30.2' ],
57 silly audit   'lightningcss-darwin-x64': [ '1.30.2' ],
57 silly audit   'lightningcss-freebsd-x64': [ '1.30.2' ],
57 silly audit   'lightningcss-linux-arm-gnueabihf': [ '1.30.2' ],
57 silly audit   'lightningcss-linux-arm64-gnu': [ '1.30.2' ],
57 silly audit   'lightningcss-linux-arm64-musl': [ '1.30.2' ],
57 silly audit   'lightningcss-linux-x64-gnu': [ '1.31.1', '1.30.2' ],
57 silly audit   'lightningcss-linux-x64-musl': [ '1.30.2' ],
57 silly audit   'lightningcss-win32-arm64-msvc': [ '1.30.2' ],
57 silly audit   'lightningcss-win32-x64-msvc': [ '1.30.2' ],
57 silly audit   'locate-path': [ '6.0.0' ],
57 silly audit   'lodash-es': [ '4.17.23' ],
57 silly audit   'lodash.merge': [ '4.6.2' ],
57 silly audit   'loose-envify': [ '1.4.0' ],
57 silly audit   'lru-cache': [ '5.1.1' ],
57 silly audit   'lucide-react': [ '0.475.0' ],
57 silly audit   'magic-string': [ '0.30.21' ],
57 silly audit   'math-intrinsics': [ '1.1.0' ],
57 silly audit   'mime-db': [ '1.52.0' ],
57 silly audit   'mime-types': [ '2.1.35' ],
57 silly audit   'motion-dom': [ '12.33.0' ],
57 silly audit   'motion-utils': [ '12.29.2' ],
57 silly audit   ms: [ '2.1.3' ],
57 silly audit   nanoid: [ '3.3.11' ],
57 silly audit   'natural-compare': [ '1.4.0' ],
57 silly audit   'node-releases': [ '2.0.27' ],
57 silly audit   'object-assign': [ '4.1.1' ],
57 silly audit   'object-inspect': [ '1.13.4' ],
57 silly audit   'object-keys': [ '1.1.1' ],
57 silly audit   'object.assign': [ '4.1.7' ],
57 silly audit   'object.entries': [ '1.1.9' ],
57 silly audit   'object.fromentries': [ '2.0.8' ],
57 silly audit   'object.values': [ '1.2.1' ],
57 silly audit   optionator: [ '0.9.4' ],
57 silly audit   'own-keys': [ '1.0.1' ],
57 silly audit   'p-limit': [ '3.1.0' ],
57 silly audit   'p-locate': [ '5.0.0' ],
57 silly audit   'parent-module': [ '1.0.1' ],
57 silly audit   'path-exists': [ '4.0.0' ],
57 silly audit   'path-key': [ '3.1.1' ],
57 silly audit   'path-parse': [ '1.0.7' ],
57 silly audit   picocolors: [ '1.1.1' ],
57 silly audit   picomatch: [ '4.0.3', '2.3.1' ],
57 silly audit   'possible-typed-array-names': [ '1.1.0' ],
57 silly audit   postcss: [ '8.5.6' ],
57 silly audit   'prelude-ls': [ '1.2.1' ],
57 silly audit   prettier: [ '3.8.1' ],
57 silly audit   'prettier-plugin-organize-imports': [ '4.3.0' ],
57 silly audit   'prettier-plugin-tailwindcss': [ '0.6.14' ],
57 silly audit   'prop-types': [ '15.8.1' ],
57 silly audit   'proxy-from-env': [ '1.1.0' ],
57 silly audit   punycode: [ '2.3.1' ],
57 silly audit   qs: [ '6.14.1' ],
57 silly audit   react: [ '19.2.4' ],
57 silly audit   'react-dom': [ '19.2.4' ],
57 silly audit   'react-is': [ '16.13.1' ],
57 silly audit   'react-refresh': [ '0.17.0' ],
57 silly audit   'react-remove-scroll': [ '2.7.2' ],
57 silly audit   'react-remove-scroll-bar': [ '2.3.8' ],
57 silly audit   'react-style-singleton': [ '2.2.3' ],
57 silly audit   'reflect.getprototypeof': [ '1.0.10' ],
57 silly audit   'regexp.prototype.flags': [ '1.5.4' ],
57 silly audit   'require-directory': [ '2.1.1' ],
57 silly audit   resolve: [ '2.0.0-next.5' ],
57 silly audit   'resolve-from': [ '4.0.0' ],
57 silly audit   rollup: [ '4.57.1' ],
57 silly audit   rxjs: [ '7.8.2' ],
57 silly audit   'safe-array-concat': [ '1.1.3' ],
57 silly audit   'safe-push-apply': [ '1.0.0' ],
57 silly audit   'safe-regex-test': [ '1.1.0' ],
57 silly audit   scheduler: [ '0.27.0' ],
57 silly audit   'set-function-length': [ '1.2.2' ],
57 silly audit   'set-function-name': [ '2.0.2' ],
57 silly audit   'set-proto': [ '1.0.0' ],
57 silly audit   'shebang-command': [ '2.0.0' ],
57 silly audit   'shebang-regex': [ '3.0.0' ],
57 silly audit   'shell-quote': [ '1.8.3' ],
57 silly audit   'side-channel': [ '1.1.0' ],
57 silly audit   'side-channel-list': [ '1.0.0' ],
57 silly audit   'side-channel-map': [ '1.0.1' ],
57 silly audit   'side-channel-weakmap': [ '1.0.2' ],
57 silly audit   sonner: [ '2.0.7' ],
57 silly audit   'source-map-js': [ '1.2.1' ],
57 silly audit   'stop-iteration-iterator': [ '1.1.0' ],
57 silly audit   'string-width': [ '4.2.3' ],
57 silly audit   'string.prototype.matchall': [ '4.0.12' ],
57 silly audit   'string.prototype.repeat': [ '1.0.0' ],
57 silly audit   'string.prototype.trim': [ '1.2.10' ],
57 silly audit   'string.prototype.trimend': [ '1.0.9' ],
57 silly audit   'string.prototype.trimstart': [ '1.0.8' ],
57 silly audit   'strip-ansi': [ '6.0.1' ],
57 silly audit   'strip-json-comments': [ '3.1.1' ],
57 silly audit   'supports-preserve-symlinks-flag': [ '1.0.0' ],
57 silly audit   tabbable: [ '6.4.0' ],
57 silly audit   'tailwind-merge': [ '3.4.0' ],
57 silly audit   tailwindcss: [ '4.1.18' ],
57 silly audit   'tailwindcss-animate': [ '1.0.7' ],
57 silly audit   tapable: [ '2.3.0' ],
57 silly audit   tinyglobby: [ '0.2.15' ],
57 silly audit   'tree-kill': [ '1.2.2' ],
57 silly audit   'ts-api-utils': [ '2.4.0' ],
57 silly audit   tslib: [ '2.8.1' ],
57 silly audit   'type-check': [ '0.4.0' ],
57 silly audit   'typed-array-buffer': [ '1.0.3' ],
57 silly audit   'typed-array-byte-length': [ '1.0.3' ],
57 silly audit   'typed-array-byte-offset': [ '1.0.4' ],
57 silly audit   'typed-array-length': [ '1.0.7' ],
57 silly audit   typescript: [ '5.9.3' ],
57 silly audit   'typescript-eslint': [ '8.54.0' ],
57 silly audit   'unbox-primitive': [ '1.1.0' ],
57 silly audit   'undici-types': [ '6.21.0' ],
57 silly audit   'update-browserslist-db': [ '1.2.3' ],
57 silly audit   'uri-js': [ '4.4.1' ],
57 silly audit   'use-callback-ref': [ '1.3.3' ],
57 silly audit   'use-sidecar': [ '1.1.3' ],
57 silly audit   'use-sync-external-store': [ '1.6.0' ],
57 silly audit   vite: [ '6.4.1' ],
57 silly audit   'vite-plugin-full-reload': [ '1.2.0' ],
57 silly audit   which: [ '2.0.2' ],
57 silly audit   'which-boxed-primitive': [ '1.1.1' ],
57 silly audit   'which-builtin-type': [ '1.2.1' ],
57 silly audit   'which-collection': [ '1.0.2' ],
57 silly audit   'which-typed-array': [ '1.1.20' ],
57 silly audit   'word-wrap': [ '1.2.5' ],
57 silly audit   'wrap-ansi': [ '7.0.0' ],
57 silly audit   y18n: [ '5.0.8' ],
57 silly audit   yallist: [ '3.1.1' ],
57 silly audit   yargs: [ '17.7.2' ],
57 silly audit   'yargs-parser': [ '21.1.1' ],
57 silly audit   'yocto-queue': [ '0.1.0' ],
57 silly audit   '@rollup/rollup-linux-arm64-gnu': [ '4.57.1' ],
57 silly audit   '@tailwindcss/oxide-wasm32-wasi': [ '4.1.18' ]
57 silly audit }
58 verbose reify failed optional dependency /var/www/node_modules/lightningcss-win32-x64-msvc
59 silly reify mark deleted [ '/var/www/node_modules/lightningcss-win32-x64-msvc' ]
60 verbose reify failed optional dependency /var/www/node_modules/lightningcss-win32-arm64-msvc
61 silly reify mark deleted [ '/var/www/node_modules/lightningcss-win32-arm64-msvc' ]
62 verbose reify failed optional dependency /var/www/node_modules/lightningcss-linux-x64-musl
63 silly reify mark deleted [ '/var/www/node_modules/lightningcss-linux-x64-musl' ]
64 verbose reify failed optional dependency /var/www/node_modules/lightningcss-linux-x64-gnu
65 silly reify mark deleted [ '/var/www/node_modules/lightningcss-linux-x64-gnu' ]
66 verbose reify failed optional dependency /var/www/node_modules/lightningcss-linux-arm-gnueabihf
67 silly reify mark deleted [ '/var/www/node_modules/lightningcss-linux-arm-gnueabihf' ]
68 verbose reify failed optional dependency /var/www/node_modules/lightningcss-freebsd-x64
69 silly reify mark deleted [ '/var/www/node_modules/lightningcss-freebsd-x64' ]
70 verbose reify failed optional dependency /var/www/node_modules/lightningcss-darwin-x64
71 silly reify mark deleted [ '/var/www/node_modules/lightningcss-darwin-x64' ]
72 verbose reify failed optional dependency /var/www/node_modules/lightningcss-android-arm64
73 silly reify mark deleted [ '/var/www/node_modules/lightningcss-android-arm64' ]
74 verbose reify failed optional dependency /var/www/node_modules/fsevents
75 silly reify mark deleted [ '/var/www/node_modules/fsevents' ]
76 verbose reify failed optional dependency /var/www/node_modules/@tailwindcss/oxide-win32-x64-msvc
77 silly reify mark deleted [ '/var/www/node_modules/@tailwindcss/oxide-win32-x64-msvc' ]
78 verbose reify failed optional dependency /var/www/node_modules/@tailwindcss/oxide-win32-arm64-msvc
79 silly reify mark deleted [ '/var/www/node_modules/@tailwindcss/oxide-win32-arm64-msvc' ]
80 verbose reify failed optional dependency /var/www/node_modules/@tailwindcss/oxide-linux-x64-musl
81 silly reify mark deleted [ '/var/www/node_modules/@tailwindcss/oxide-linux-x64-musl' ]
82 verbose reify failed optional dependency /var/www/node_modules/@tailwindcss/oxide-linux-x64-gnu
83 silly reify mark deleted [ '/var/www/node_modules/@tailwindcss/oxide-linux-x64-gnu' ]
84 verbose reify failed optional dependency /var/www/node_modules/@tailwindcss/oxide-linux-arm-gnueabihf
85 silly reify mark deleted [ '/var/www/node_modules/@tailwindcss/oxide-linux-arm-gnueabihf' ]
86 verbose reify failed optional dependency /var/www/node_modules/@tailwindcss/oxide-freebsd-x64
87 silly reify mark deleted [ '/var/www/node_modules/@tailwindcss/oxide-freebsd-x64' ]
88 verbose reify failed optional dependency /var/www/node_modules/@tailwindcss/oxide-darwin-x64
89 silly reify mark deleted [ '/var/www/node_modules/@tailwindcss/oxide-darwin-x64' ]
90 verbose reify failed optional dependency /var/www/node_modules/@tailwindcss/oxide-android-arm64
91 silly reify mark deleted [ '/var/www/node_modules/@tailwindcss/oxide-android-arm64' ]
92 verbose reify failed optional dependency /var/www/node_modules/@rollup/rollup-win32-x64-msvc
93 silly reify mark deleted [ '/var/www/node_modules/@rollup/rollup-win32-x64-msvc' ]
94 verbose reify failed optional dependency /var/www/node_modules/@rollup/rollup-win32-x64-gnu
95 silly reify mark deleted [ '/var/www/node_modules/@rollup/rollup-win32-x64-gnu' ]
96 verbose reify failed optional dependency /var/www/node_modules/@rollup/rollup-win32-ia32-msvc
97 silly reify mark deleted [ '/var/www/node_modules/@rollup/rollup-win32-ia32-msvc' ]
98 verbose reify failed optional dependency /var/www/node_modules/@rollup/rollup-win32-arm64-msvc
99 silly reify mark deleted [ '/var/www/node_modules/@rollup/rollup-win32-arm64-msvc' ]
100 verbose reify failed optional dependency /var/www/node_modules/@rollup/rollup-openharmony-arm64
101 silly reify mark deleted [ '/var/www/node_modules/@rollup/rollup-openharmony-arm64' ]
102 verbose reify failed optional dependency /var/www/node_modules/@rollup/rollup-openbsd-x64
103 silly reify mark deleted [ '/var/www/node_modules/@rollup/rollup-openbsd-x64' ]
104 verbose reify failed optional dependency /var/www/node_modules/@rollup/rollup-linux-x64-musl
105 silly reify mark deleted [ '/var/www/node_modules/@rollup/rollup-linux-x64-musl' ]
106 verbose reify failed optional dependency /var/www/node_modules/@rollup/rollup-linux-x64-gnu
107 silly reify mark deleted [ '/var/www/node_modules/@rollup/rollup-linux-x64-gnu' ]
108 verbose reify failed optional dependency /var/www/node_modules/@rollup/rollup-linux-s390x-gnu
109 silly reify mark deleted [ '/var/www/node_modules/@rollup/rollup-linux-s390x-gnu' ]
110 verbose reify failed optional dependency /var/www/node_modules/@rollup/rollup-linux-riscv64-musl
111 silly reify mark deleted [ '/var/www/node_modules/@rollup/rollup-linux-riscv64-musl' ]
112 verbose reify failed optional dependency /var/www/node_modules/@rollup/rollup-linux-riscv64-gnu
113 silly reify mark deleted [ '/var/www/node_modules/@rollup/rollup-linux-riscv64-gnu' ]
114 verbose reify failed optional dependency /var/www/node_modules/@rollup/rollup-linux-ppc64-musl
115 silly reify mark deleted [ '/var/www/node_modules/@rollup/rollup-linux-ppc64-musl' ]
116 verbose reify failed optional dependency /var/www/node_modules/@rollup/rollup-linux-ppc64-gnu
117 silly reify mark deleted [ '/var/www/node_modules/@rollup/rollup-linux-ppc64-gnu' ]
118 verbose reify failed optional dependency /var/www/node_modules/@rollup/rollup-linux-loong64-musl
119 silly reify mark deleted [ '/var/www/node_modules/@rollup/rollup-linux-loong64-musl' ]
120 verbose reify failed optional dependency /var/www/node_modules/@rollup/rollup-linux-loong64-gnu
121 silly reify mark deleted [ '/var/www/node_modules/@rollup/rollup-linux-loong64-gnu' ]
122 verbose reify failed optional dependency /var/www/node_modules/@rollup/rollup-linux-arm-musleabihf
123 silly reify mark deleted [ '/var/www/node_modules/@rollup/rollup-linux-arm-musleabihf' ]
124 verbose reify failed optional dependency /var/www/node_modules/@rollup/rollup-linux-arm-gnueabihf
125 silly reify mark deleted [ '/var/www/node_modules/@rollup/rollup-linux-arm-gnueabihf' ]
126 verbose reify failed optional dependency /var/www/node_modules/@rollup/rollup-freebsd-x64
127 silly reify mark deleted [ '/var/www/node_modules/@rollup/rollup-freebsd-x64' ]
128 verbose reify failed optional dependency /var/www/node_modules/@rollup/rollup-freebsd-arm64
129 silly reify mark deleted [ '/var/www/node_modules/@rollup/rollup-freebsd-arm64' ]
130 verbose reify failed optional dependency /var/www/node_modules/@rollup/rollup-darwin-x64
131 silly reify mark deleted [ '/var/www/node_modules/@rollup/rollup-darwin-x64' ]
132 verbose reify failed optional dependency /var/www/node_modules/@rollup/rollup-android-arm64
133 silly reify mark deleted [ '/var/www/node_modules/@rollup/rollup-android-arm64' ]
134 verbose reify failed optional dependency /var/www/node_modules/@rollup/rollup-android-arm-eabi
135 silly reify mark deleted [ '/var/www/node_modules/@rollup/rollup-android-arm-eabi' ]
136 verbose reify failed optional dependency /var/www/node_modules/@esbuild/win32-x64
137 silly reify mark deleted [ '/var/www/node_modules/@esbuild/win32-x64' ]
138 verbose reify failed optional dependency /var/www/node_modules/@esbuild/win32-ia32
139 silly reify mark deleted [ '/var/www/node_modules/@esbuild/win32-ia32' ]
140 verbose reify failed optional dependency /var/www/node_modules/@esbuild/win32-arm64
141 silly reify mark deleted [ '/var/www/node_modules/@esbuild/win32-arm64' ]
142 verbose reify failed optional dependency /var/www/node_modules/@esbuild/sunos-x64
143 silly reify mark deleted [ '/var/www/node_modules/@esbuild/sunos-x64' ]
144 verbose reify failed optional dependency /var/www/node_modules/@esbuild/openharmony-arm64
145 silly reify mark deleted [ '/var/www/node_modules/@esbuild/openharmony-arm64' ]
146 verbose reify failed optional dependency /var/www/node_modules/@esbuild/openbsd-x64
147 silly reify mark deleted [ '/var/www/node_modules/@esbuild/openbsd-x64' ]
148 verbose reify failed optional dependency /var/www/node_modules/@esbuild/openbsd-arm64
149 silly reify mark deleted [ '/var/www/node_modules/@esbuild/openbsd-arm64' ]
150 verbose reify failed optional dependency /var/www/node_modules/@esbuild/netbsd-x64
151 silly reify mark deleted [ '/var/www/node_modules/@esbuild/netbsd-x64' ]
152 verbose reify failed optional dependency /var/www/node_modules/@esbuild/netbsd-arm64
153 silly reify mark deleted [ '/var/www/node_modules/@esbuild/netbsd-arm64' ]
154 verbose reify failed optional dependency /var/www/node_modules/@esbuild/linux-x64
155 silly reify mark deleted [ '/var/www/node_modules/@esbuild/linux-x64' ]
156 verbose reify failed optional dependency /var/www/node_modules/@esbuild/linux-s390x
157 silly reify mark deleted [ '/var/www/node_modules/@esbuild/linux-s390x' ]
158 verbose reify failed optional dependency /var/www/node_modules/@esbuild/linux-riscv64
159 silly reify mark deleted [ '/var/www/node_modules/@esbuild/linux-riscv64' ]
160 verbose reify failed optional dependency /var/www/node_modules/@esbuild/linux-ppc64
161 silly reify mark deleted [ '/var/www/node_modules/@esbuild/linux-ppc64' ]
162 verbose reify failed optional dependency /var/www/node_modules/@esbuild/linux-mips64el
163 silly reify mark deleted [ '/var/www/node_modules/@esbuild/linux-mips64el' ]
164 verbose reify failed optional dependency /var/www/node_modules/@esbuild/linux-loong64
165 silly reify mark deleted [ '/var/www/node_modules/@esbuild/linux-loong64' ]
166 verbose reify failed optional dependency /var/www/node_modules/@esbuild/linux-ia32
167 silly reify mark deleted [ '/var/www/node_modules/@esbuild/linux-ia32' ]
168 verbose reify failed optional dependency /var/www/node_modules/@esbuild/linux-arm
169 silly reify mark deleted [ '/var/www/node_modules/@esbuild/linux-arm' ]
170 verbose reify failed optional dependency /var/www/node_modules/@esbuild/freebsd-x64
171 silly reify mark deleted [ '/var/www/node_modules/@esbuild/freebsd-x64' ]
172 verbose reify failed optional dependency /var/www/node_modules/@esbuild/freebsd-arm64
173 silly reify mark deleted [ '/var/www/node_modules/@esbuild/freebsd-arm64' ]
174 verbose reify failed optional dependency /var/www/node_modules/@esbuild/darwin-x64
175 silly reify mark deleted [ '/var/www/node_modules/@esbuild/darwin-x64' ]
176 verbose reify failed optional dependency /var/www/node_modules/@esbuild/android-x64
177 silly reify mark deleted [ '/var/www/node_modules/@esbuild/android-x64' ]
178 verbose reify failed optional dependency /var/www/node_modules/@esbuild/android-arm64
179 silly reify mark deleted [ '/var/www/node_modules/@esbuild/android-arm64' ]
180 verbose reify failed optional dependency /var/www/node_modules/@esbuild/android-arm
181 silly reify mark deleted [ '/var/www/node_modules/@esbuild/android-arm' ]
182 verbose reify failed optional dependency /var/www/node_modules/@esbuild/aix-ppc64
183 silly reify mark deleted [ '/var/www/node_modules/@esbuild/aix-ppc64' ]
184 verbose reify failed optional dependency /var/www/node_modules/rollup/node_modules/@rollup/rollup-linux-x64-gnu
185 silly reify mark deleted [
185 silly reify   '/var/www/node_modules/rollup/node_modules/@rollup/rollup-linux-x64-gnu'
185 silly reify ]
186 verbose reify failed optional dependency /var/www/node_modules/lightningcss/node_modules/lightningcss-linux-x64-gnu
187 silly reify mark deleted [
187 silly reify   '/var/www/node_modules/lightningcss/node_modules/lightningcss-linux-x64-gnu'
187 silly reify ]
188 timing reifyNode:node_modules/lightningcss-win32-x64-msvc Completed in 10ms
189 timing reifyNode:node_modules/lightningcss-win32-arm64-msvc Completed in 10ms
190 timing reifyNode:node_modules/lightningcss-linux-x64-musl Completed in 11ms
191 timing reifyNode:node_modules/lightningcss-linux-x64-gnu Completed in 11ms
192 timing reifyNode:node_modules/lightningcss-linux-arm-gnueabihf Completed in 10ms
193 timing reifyNode:node_modules/lightningcss-freebsd-x64 Completed in 10ms
194 timing reifyNode:node_modules/lightningcss-darwin-x64 Completed in 10ms
195 timing reifyNode:node_modules/lightningcss-android-arm64 Completed in 10ms
196 timing reifyNode:node_modules/fsevents Completed in 10ms
197 timing reifyNode:node_modules/@tailwindcss/oxide-win32-x64-msvc Completed in 10ms
198 timing reifyNode:node_modules/@tailwindcss/oxide-win32-arm64-msvc Completed in 10ms
199 timing reifyNode:node_modules/@tailwindcss/oxide-linux-x64-musl Completed in 10ms
200 timing reifyNode:node_modules/@tailwindcss/oxide-linux-x64-gnu Completed in 10ms
201 timing reifyNode:node_modules/@tailwindcss/oxide-linux-arm-gnueabihf Completed in 10ms
202 timing reifyNode:node_modules/@tailwindcss/oxide-freebsd-x64 Completed in 10ms
203 timing reifyNode:node_modules/@tailwindcss/oxide-darwin-x64 Completed in 10ms
204 timing reifyNode:node_modules/@tailwindcss/oxide-android-arm64 Completed in 10ms
205 timing reifyNode:node_modules/@rollup/rollup-win32-x64-msvc Completed in 10ms
206 timing reifyNode:node_modules/@rollup/rollup-win32-x64-gnu Completed in 10ms
207 timing reifyNode:node_modules/@rollup/rollup-win32-ia32-msvc Completed in 10ms
208 timing reifyNode:node_modules/@rollup/rollup-win32-arm64-msvc Completed in 10ms
209 timing reifyNode:node_modules/@rollup/rollup-openharmony-arm64 Completed in 10ms
210 timing reifyNode:node_modules/@rollup/rollup-openbsd-x64 Completed in 10ms
211 timing reifyNode:node_modules/@rollup/rollup-linux-x64-musl Completed in 10ms
212 timing reifyNode:node_modules/@rollup/rollup-linux-x64-gnu Completed in 10ms
213 timing reifyNode:node_modules/@rollup/rollup-linux-s390x-gnu Completed in 11ms
214 timing reifyNode:node_modules/@rollup/rollup-linux-riscv64-musl Completed in 11ms
215 timing reifyNode:node_modules/@rollup/rollup-linux-riscv64-gnu Completed in 10ms
216 timing reifyNode:node_modules/@rollup/rollup-linux-ppc64-musl Completed in 10ms
217 timing reifyNode:node_modules/@rollup/rollup-linux-ppc64-gnu Completed in 10ms
218 timing reifyNode:node_modules/@rollup/rollup-linux-loong64-musl Completed in 10ms
219 timing reifyNode:node_modules/@rollup/rollup-linux-loong64-gnu Completed in 10ms
220 timing reifyNode:node_modules/@rollup/rollup-linux-arm-musleabihf Completed in 10ms
221 timing reifyNode:node_modules/@rollup/rollup-linux-arm-gnueabihf Completed in 10ms
222 timing reifyNode:node_modules/@rollup/rollup-freebsd-x64 Completed in 10ms
223 timing reifyNode:node_modules/@rollup/rollup-freebsd-arm64 Completed in 10ms
224 timing reifyNode:node_modules/@rollup/rollup-darwin-x64 Completed in 10ms
225 timing reifyNode:node_modules/@rollup/rollup-android-arm64 Completed in 10ms
226 timing reifyNode:node_modules/@rollup/rollup-android-arm-eabi Completed in 10ms
227 timing reifyNode:node_modules/@esbuild/win32-x64 Completed in 10ms
228 timing reifyNode:node_modules/@esbuild/win32-ia32 Completed in 10ms
229 timing reifyNode:node_modules/@esbuild/win32-arm64 Completed in 10ms
230 timing reifyNode:node_modules/@esbuild/sunos-x64 Completed in 10ms
231 timing reifyNode:node_modules/@esbuild/openharmony-arm64 Completed in 10ms
232 timing reifyNode:node_modules/@esbuild/openbsd-x64 Completed in 10ms
233 timing reifyNode:node_modules/@esbuild/openbsd-arm64 Completed in 9ms
234 timing reifyNode:node_modules/@esbuild/netbsd-x64 Completed in 9ms
235 timing reifyNode:node_modules/@esbuild/netbsd-arm64 Completed in 9ms
236 timing reifyNode:node_modules/@esbuild/linux-x64 Completed in 9ms
237 timing reifyNode:node_modules/@esbuild/linux-s390x Completed in 9ms
238 timing reifyNode:node_modules/@esbuild/linux-riscv64 Completed in 9ms
239 timing reifyNode:node_modules/@esbuild/linux-ppc64 Completed in 9ms
240 timing reifyNode:node_modules/@esbuild/linux-mips64el Completed in 9ms
241 timing reifyNode:node_modules/@esbuild/linux-loong64 Completed in 9ms
242 timing reifyNode:node_modules/@esbuild/linux-ia32 Completed in 9ms
243 timing reifyNode:node_modules/@esbuild/linux-arm Completed in 10ms
244 timing reifyNode:node_modules/@esbuild/freebsd-x64 Completed in 10ms
245 timing reifyNode:node_modules/@esbuild/freebsd-arm64 Completed in 10ms
246 timing reifyNode:node_modules/@esbuild/darwin-x64 Completed in 10ms
247 timing reifyNode:node_modules/@esbuild/android-x64 Completed in 10ms
248 timing reifyNode:node_modules/@esbuild/android-arm64 Completed in 10ms
249 timing reifyNode:node_modules/@esbuild/android-arm Completed in 10ms
250 timing reifyNode:node_modules/@esbuild/aix-ppc64 Completed in 10ms
251 timing reifyNode:node_modules/rollup/node_modules/@rollup/rollup-linux-x64-gnu Completed in 10ms
252 timing reifyNode:node_modules/lightningcss/node_modules/lightningcss-linux-x64-gnu Completed in 10ms
253 silly tarball no local data for lightningcss-linux-arm64-gnu@https://registry.npmjs.org/lightningcss-linux-arm64-gnu/-/lightningcss-linux-arm64-gnu-1.30.2.tgz. Extracting by manifest.
254 silly tarball no local data for @tailwindcss/oxide-linux-arm64-musl@https://registry.npmjs.org/@tailwindcss/oxide-linux-arm64-musl/-/oxide-linux-arm64-musl-4.1.18.tgz. Extracting by manifest.
255 silly tarball no local data for lightningcss-linux-arm64-musl@https://registry.npmjs.org/lightningcss-linux-arm64-musl/-/lightningcss-linux-arm64-musl-1.30.2.tgz. Extracting by manifest.
256 silly tarball no local data for @rollup/rollup-linux-arm64-gnu@https://registry.npmjs.org/@rollup/rollup-linux-arm64-gnu/-/rollup-linux-arm64-gnu-4.57.1.tgz. Extracting by manifest.
257 silly tarball no local data for @rollup/rollup-linux-arm64-musl@https://registry.npmjs.org/@rollup/rollup-linux-arm64-musl/-/rollup-linux-arm64-musl-4.57.1.tgz. Extracting by manifest.
258 silly tarball no local data for @esbuild/linux-arm64@https://registry.npmjs.org/@esbuild/linux-arm64/-/linux-arm64-0.25.12.tgz. Extracting by manifest.
259 silly tarball no local data for @tailwindcss/oxide-linux-arm64-gnu@https://registry.npmjs.org/@tailwindcss/oxide-linux-arm64-gnu/-/oxide-linux-arm64-gnu-4.1.18.tgz. Extracting by manifest.
260 http fetch POST 200 https://registry.npmjs.org/-/npm/v1/security/advisories/bulk 322ms
261 timing auditReport:getReport Completed in 330ms
262 silly audit report {}
263 timing auditReport:init Completed in 0ms
264 timing reify:audit Completed in 330ms
265 http fetch GET 200 https://registry.npmjs.org/@tailwindcss/oxide-linux-arm64-musl/-/oxide-linux-arm64-musl-4.1.18.tgz 2161ms (cache miss)
266 timing reifyNode:node_modules/@tailwindcss/oxide-linux-arm64-musl Completed in 2180ms
267 http fetch GET 200 https://registry.npmjs.org/@rollup/rollup-linux-arm64-gnu/-/rollup-linux-arm64-gnu-4.57.1.tgz 2236ms (cache miss)
268 timing reifyNode:node_modules/@rollup/rollup-linux-arm64-gnu Completed in 2254ms
269 http fetch GET 200 https://registry.npmjs.org/@rollup/rollup-linux-arm64-musl/-/rollup-linux-arm64-musl-4.57.1.tgz 2341ms (cache miss)
270 timing reifyNode:node_modules/@rollup/rollup-linux-arm64-musl Completed in 2367ms
271 http fetch GET 200 https://registry.npmjs.org/@tailwindcss/oxide-linux-arm64-gnu/-/oxide-linux-arm64-gnu-4.1.18.tgz 5394ms (cache miss)
272 timing reifyNode:node_modules/@tailwindcss/oxide-linux-arm64-gnu Completed in 5423ms
273 http fetch GET 200 https://registry.npmjs.org/lightningcss-linux-arm64-musl/-/lightningcss-linux-arm64-musl-1.30.2.tgz 6036ms (cache miss)
274 timing reifyNode:node_modules/lightningcss-linux-arm64-musl Completed in 6054ms
275 http fetch GET 200 https://registry.npmjs.org/lightningcss-linux-arm64-gnu/-/lightningcss-linux-arm64-gnu-1.30.2.tgz 6281ms (cache miss)
276 timing reifyNode:node_modules/lightningcss-linux-arm64-gnu Completed in 6298ms
277 http fetch GET 200 https://registry.npmjs.org/@esbuild/linux-arm64/-/linux-arm64-0.25.12.tgz 7022ms (cache miss)
278 timing reifyNode:node_modules/@esbuild/linux-arm64 Completed in 7049ms
279 timing reify:unpack Completed in 7052ms
280 timing reify:unretire Completed in 0ms
281 timing build:queue Completed in 4ms
282 timing build:deps Completed in 5ms
283 timing build Completed in 5ms
284 timing reify:build Completed in 6ms
285 timing reify:trash Completed in 10ms
286 timing reify:save Completed in 119ms
287 timing reify Completed in 7879ms
288 silly ADD node_modules/@rollup/rollup-linux-arm64-gnu
289 silly ADD
290 silly ADD
291 silly ADD
292 silly ADD
293 silly ADD node_modules/lightningcss-linux-arm64-musl
294 silly ADD node_modules/lightningcss-linux-arm64-gnu
295 silly ADD
296 silly ADD
297 silly ADD
298 silly ADD
299 silly ADD
300 silly ADD
301 silly ADD
302 silly ADD
303 silly ADD
304 silly ADD
305 silly ADD node_modules/@tailwindcss/oxide-linux-arm64-musl
306 silly ADD node_modules/@tailwindcss/oxide-linux-arm64-gnu
307 silly ADD
308 silly ADD
309 silly ADD
310 silly ADD
311 silly ADD
312 silly ADD
313 silly ADD
314 silly ADD
315 silly ADD
316 silly ADD
317 silly ADD
318 silly ADD
319 silly ADD
320 silly ADD
321 silly ADD
322 silly ADD
323 silly ADD
324 silly ADD
325 silly ADD
326 silly ADD node_modules/@rollup/rollup-linux-arm64-musl
327 silly ADD
328 silly ADD
329 silly ADD
330 silly ADD
331 silly ADD
332 silly ADD
333 silly ADD
334 silly ADD
335 silly ADD
336 silly ADD
337 silly ADD
338 silly ADD
339 silly ADD
340 silly ADD
341 silly ADD
342 silly ADD
343 silly ADD
344 silly ADD
345 silly ADD
346 silly ADD
347 silly ADD
348 silly ADD
349 silly ADD
350 silly ADD node_modules/@esbuild/linux-arm64
351 silly ADD
352 silly ADD
353 silly ADD
354 silly ADD
355 silly ADD
356 silly ADD
357 silly ADD
358 silly ADD
359 silly ADD
360 silly ADD
361 timing command:install Completed in 7887ms
362 verbose exit 0
363 timing npm Completed in 7910ms
364 info ok
