0 verbose cli /usr/bin/node /usr/bin/npm
1 info using npm@9.2.0
2 info using node@v18.20.4
3 timing npm:load:whichnode Completed in 1ms
4 timing config:load:defaults Completed in 21ms
5 timing config:load:file:/usr/share/nodejs/npm/npmrc Completed in 17ms
6 timing config:load:builtin Completed in 17ms
7 timing config:load:cli Completed in 8ms
8 timing config:load:env Completed in 0ms
9 timing config:load:project Completed in 6ms
10 timing config:load:file:/var/www/.npmrc Completed in 1ms
11 timing config:load:user Completed in 1ms
12 timing config:load:file:/etc/npmrc Completed in 0ms
13 timing config:load:global Completed in 0ms
14 timing config:load:setEnvs Completed in 4ms
15 timing config:load Completed in 59ms
16 timing npm:load:configload Completed in 59ms
17 timing npm:load:mkdirpcache Completed in 1ms
18 timing npm:load:mkdirplogs Completed in 0ms
19 verbose title npm install @rollup/rollup-linux-arm64-gnu @esbuild/linux-arm64
20 verbose argv "install" "@rollup/rollup-linux-arm64-gnu" "@esbuild/linux-arm64"
21 timing npm:load:setTitle Completed in 1ms
22 timing config:load:flatten Completed in 2ms
23 timing npm:load:display Completed in 4ms
24 verbose logfile logs-max:10 dir:/var/www/.npm/_logs/2026-02-07T19_14_22_227Z-
25 verbose logfile /var/www/.npm/_logs/2026-02-07T19_14_22_227Z-debug-0.log
26 timing npm:load:logFile Completed in 34ms
27 timing npm:load:timers Completed in 0ms
28 timing npm:load:configScope Completed in 0ms
29 timing npm:load Completed in 102ms
30 timing config:load:flatten Completed in 1ms
31 timing arborist:ctor Completed in 2ms
32 silly logfile done cleaning log files
33 timing idealTree:init Completed in 645ms
34 timing idealTree:userRequests Completed in 45ms
35 silly idealTree buildDeps
36 silly fetch manifest @esbuild/linux-arm64@*
37 timing arborist:ctor Completed in 0ms
38 http fetch GET 200 https://registry.npmjs.org/@esbuild%2flinux-arm64 687ms (cache hit)
39 silly fetch manifest @rollup/rollup-linux-arm64-gnu@^4.57.1
40 http fetch GET 200 https://registry.npmjs.org/@rollup%2frollup-linux-arm64-gnu 675ms (cache revalidated)
41 silly placeDep ROOT @esbuild/linux-arm64@0.27.3 REPLACE for:  want: *
42 silly placeDep ROOT @rollup/rollup-linux-arm64-gnu@4.57.1 REPLACE for:  want: ^4.57.1
43 timing idealTree:#root Completed in 1426ms
44 timing idealTree:node_modules/@esbuild/linux-arm64 Completed in 0ms
45 timing idealTree:node_modules/@rollup/rollup-linux-arm64-gnu Completed in 0ms
46 timing idealTree:node_modules/@tailwindcss/oxide-wasm32-wasi Completed in 0ms
47 silly fetch manifest @esbuild/linux-arm64@0.25.12
48 silly placeDep node_modules/esbuild @esbuild/linux-arm64@0.25.12 OK for: esbuild@0.25.12 want: 0.25.12
49 timing idealTree:node_modules/esbuild Completed in 7ms
50 timing idealTree:node_modules/esbuild/node_modules/@esbuild/linux-arm64 Completed in 0ms
51 timing idealTree:buildDeps Completed in 1436ms
52 timing idealTree:fixDepFlags Completed in 8ms
53 timing idealTree Completed in 2163ms
54 timing reify:loadTrees Completed in 2165ms
55 timing reify:diffTrees Completed in 73ms
56 silly reify mark retired [ '/var/www/node_modules/@esbuild/linux-arm64' ]
57 silly reify moves {
57 silly reify   '/var/www/node_modules/@esbuild/linux-arm64': '/var/www/node_modules/@esbuild/.linux-arm64-WBhOYw6L'
57 silly reify }
58 timing reify:retireShallow Completed in 8ms
59 timing reify:createSparse Completed in 253ms
60 verbose reify failed optional dependency /var/www/node_modules/@tailwindcss/oxide-wasm32-wasi
61 silly reify mark deleted [ '/var/www/node_modules/@tailwindcss/oxide-wasm32-wasi' ]
62 timing reifyNode:node_modules/@tailwindcss/oxide-wasm32-wasi Completed in 6ms
63 timing arborist:ctor Completed in 0ms
64 timing reify:diffTrees Completed in 16ms
65 timing reify:loadBundles Completed in 41ms
66 silly audit bulk request {
66 silly audit   '@babel/code-frame': [ '7.29.0' ],
66 silly audit   '@babel/compat-data': [ '7.29.0' ],
66 silly audit   '@babel/core': [ '7.29.0' ],
66 silly audit   '@babel/generator': [ '7.29.1' ],
66 silly audit   '@babel/helper-compilation-targets': [ '7.28.6' ],
66 silly audit   '@babel/helper-globals': [ '7.28.0' ],
66 silly audit   '@babel/helper-module-imports': [ '7.28.6' ],
66 silly audit   '@babel/helper-module-transforms': [ '7.28.6' ],
66 silly audit   '@babel/helper-plugin-utils': [ '7.28.6' ],
66 silly audit   '@babel/helper-string-parser': [ '7.27.1' ],
66 silly audit   '@babel/helper-validator-identifier': [ '7.28.5' ],
66 silly audit   '@babel/helper-validator-option': [ '7.27.1' ],
66 silly audit   '@babel/helpers': [ '7.28.6' ],
66 silly audit   '@babel/parser': [ '7.29.0' ],
66 silly audit   '@babel/plugin-transform-react-jsx-self': [ '7.27.1' ],
66 silly audit   '@babel/plugin-transform-react-jsx-source': [ '7.27.1' ],
66 silly audit   '@babel/template': [ '7.28.6' ],
66 silly audit   '@babel/traverse': [ '7.29.0' ],
66 silly audit   '@babel/types': [ '7.29.0' ],
66 silly audit   '@esbuild/aix-ppc64': [ '0.25.12' ],
66 silly audit   '@esbuild/android-arm': [ '0.25.12' ],
66 silly audit   '@esbuild/android-arm64': [ '0.25.12' ],
66 silly audit   '@esbuild/android-x64': [ '0.25.12' ],
66 silly audit   '@esbuild/darwin-arm64': [ '0.25.12' ],
66 silly audit   '@esbuild/darwin-x64': [ '0.25.12' ],
66 silly audit   '@esbuild/freebsd-arm64': [ '0.25.12' ],
66 silly audit   '@esbuild/freebsd-x64': [ '0.25.12' ],
66 silly audit   '@esbuild/linux-arm': [ '0.25.12' ],
66 silly audit   '@esbuild/linux-ia32': [ '0.25.12' ],
66 silly audit   '@esbuild/linux-loong64': [ '0.25.12' ],
66 silly audit   '@esbuild/linux-mips64el': [ '0.25.12' ],
66 silly audit   '@esbuild/linux-ppc64': [ '0.25.12' ],
66 silly audit   '@esbuild/linux-riscv64': [ '0.25.12' ],
66 silly audit   '@esbuild/linux-s390x': [ '0.25.12' ],
66 silly audit   '@esbuild/linux-x64': [ '0.25.12' ],
66 silly audit   '@esbuild/netbsd-arm64': [ '0.25.12' ],
66 silly audit   '@esbuild/netbsd-x64': [ '0.25.12' ],
66 silly audit   '@esbuild/openbsd-arm64': [ '0.25.12' ],
66 silly audit   '@esbuild/openbsd-x64': [ '0.25.12' ],
66 silly audit   '@esbuild/openharmony-arm64': [ '0.25.12' ],
66 silly audit   '@esbuild/sunos-x64': [ '0.25.12' ],
66 silly audit   '@esbuild/win32-arm64': [ '0.25.12' ],
66 silly audit   '@esbuild/win32-ia32': [ '0.25.12' ],
66 silly audit   '@esbuild/win32-x64': [ '0.25.12' ],
66 silly audit   '@eslint-community/eslint-utils': [ '4.9.1' ],
66 silly audit   'eslint-visitor-keys': [ '3.4.3', '4.2.1' ],
66 silly audit   '@eslint-community/regexpp': [ '4.12.2' ],
66 silly audit   '@eslint/config-array': [ '0.21.1' ],
66 silly audit   '@eslint/config-helpers': [ '0.4.2' ],
66 silly audit   '@eslint/core': [ '0.17.0' ],
66 silly audit   '@eslint/eslintrc': [ '3.3.3' ],
66 silly audit   globals: [ '14.0.0', '15.15.0' ],
66 silly audit   '@eslint/js': [ '9.39.2' ],
66 silly audit   '@eslint/object-schema': [ '2.1.7' ],
66 silly audit   '@eslint/plugin-kit': [ '0.4.1' ],
66 silly audit   '@floating-ui/core': [ '1.7.4' ],
66 silly audit   '@floating-ui/dom': [ '1.7.5' ],
66 silly audit   '@floating-ui/react': [ '0.26.28' ],
66 silly audit   '@floating-ui/react-dom': [ '2.1.7' ],
66 silly audit   '@floating-ui/utils': [ '0.2.10' ],
66 silly audit   '@headlessui/react': [ '2.2.9' ],
66 silly audit   '@humanfs/core': [ '0.19.1' ],
66 silly audit   '@humanfs/node': [ '0.16.7' ],
66 silly audit   '@humanwhocodes/module-importer': [ '1.0.1' ],
66 silly audit   '@humanwhocodes/retry': [ '0.4.3' ],
66 silly audit   '@inertiajs/core': [ '2.3.13' ],
66 silly audit   '@inertiajs/react': [ '2.3.13' ],
66 silly audit   '@jridgewell/gen-mapping': [ '0.3.13' ],
66 silly audit   '@jridgewell/remapping': [ '2.3.5' ],
66 silly audit   '@jridgewell/resolve-uri': [ '3.1.2' ],
66 silly audit   '@jridgewell/sourcemap-codec': [ '1.5.5' ],
66 silly audit   '@jridgewell/trace-mapping': [ '0.3.31' ],
66 silly audit   '@radix-ui/number': [ '1.1.1' ],
66 silly audit   '@radix-ui/primitive': [ '1.1.3' ],
66 silly audit   '@radix-ui/react-arrow': [ '1.1.7' ],
66 silly audit   '@radix-ui/react-primitive': [ '2.1.3', '2.1.4' ],
66 silly audit   '@radix-ui/react-slot': [ '1.2.3', '1.2.4' ],
66 silly audit   '@radix-ui/react-avatar': [ '1.1.11' ],
66 silly audit   '@radix-ui/react-checkbox': [ '1.3.3' ],
66 silly audit   '@radix-ui/react-context': [ '1.1.2', '1.1.3' ],
66 silly audit   '@radix-ui/react-collapsible': [ '1.1.12' ],
66 silly audit   '@radix-ui/react-collection': [ '1.1.7' ],
66 silly audit   '@radix-ui/react-compose-refs': [ '1.1.2' ],
66 silly audit   '@radix-ui/react-dialog': [ '1.1.15' ],
66 silly audit   '@radix-ui/react-direction': [ '1.1.1' ],
66 silly audit   '@radix-ui/react-dismissable-layer': [ '1.1.11' ],
66 silly audit   '@radix-ui/react-dropdown-menu': [ '2.1.16' ],
66 silly audit   '@radix-ui/react-focus-guards': [ '1.1.3' ],
66 silly audit   '@radix-ui/react-focus-scope': [ '1.1.7' ],
66 silly audit   '@radix-ui/react-id': [ '1.1.1' ],
66 silly audit   '@radix-ui/react-label': [ '2.1.8' ],
66 silly audit   '@radix-ui/react-menu': [ '2.1.16' ],
66 silly audit   '@radix-ui/react-navigation-menu': [ '1.2.14' ],
66 silly audit   '@radix-ui/react-popper': [ '1.2.8' ],
66 silly audit   '@radix-ui/react-portal': [ '1.1.9' ],
66 silly audit   '@radix-ui/react-presence': [ '1.1.5' ],
66 silly audit   '@radix-ui/react-roving-focus': [ '1.1.11' ],
66 silly audit   '@radix-ui/react-select': [ '2.2.6' ],
66 silly audit   '@radix-ui/react-separator': [ '1.1.8' ],
66 silly audit   '@radix-ui/react-toggle': [ '1.1.10' ],
66 silly audit   '@radix-ui/react-toggle-group': [ '1.1.11' ],
66 silly audit   '@radix-ui/react-tooltip': [ '1.2.8' ],
66 silly audit   '@radix-ui/react-use-callback-ref': [ '1.1.1' ],
66 silly audit   '@radix-ui/react-use-controllable-state': [ '1.2.2' ],
66 silly audit   '@radix-ui/react-use-effect-event': [ '0.0.2' ],
66 silly audit   '@radix-ui/react-use-escape-keydown': [ '1.1.1' ],
66 silly audit   '@radix-ui/react-use-is-hydrated': [ '0.1.0' ],
66 silly audit   '@radix-ui/react-use-layout-effect': [ '1.1.1' ],
66 silly audit   '@radix-ui/react-use-previous': [ '1.1.1' ],
66 silly audit   '@radix-ui/react-use-rect': [ '1.1.1' ],
66 silly audit   '@radix-ui/react-use-size': [ '1.1.1' ],
66 silly audit   '@radix-ui/react-visually-hidden': [ '1.2.3' ],
66 silly audit   '@radix-ui/rect': [ '1.1.1' ],
66 silly audit   '@react-aria/focus': [ '3.21.4' ],
66 silly audit   '@react-aria/interactions': [ '3.27.0' ],
66 silly audit   '@react-aria/ssr': [ '3.9.10' ],
66 silly audit   '@react-aria/utils': [ '3.33.0' ],
66 silly audit   '@react-stately/flags': [ '3.1.2' ],
66 silly audit   '@react-stately/utils': [ '3.11.0' ],
66 silly audit   '@react-types/shared': [ '3.33.0' ],
66 silly audit   '@rolldown/pluginutils': [ '1.0.0-beta.27' ],
66 silly audit   '@rollup/rollup-android-arm-eabi': [ '4.57.1' ],
66 silly audit   '@rollup/rollup-android-arm64': [ '4.57.1' ],
66 silly audit   '@rollup/rollup-darwin-arm64': [ '4.57.1' ],
66 silly audit   '@rollup/rollup-darwin-x64': [ '4.57.1' ],
66 silly audit   '@rollup/rollup-freebsd-arm64': [ '4.57.1' ],
66 silly audit   '@rollup/rollup-freebsd-x64': [ '4.57.1' ],
66 silly audit   '@rollup/rollup-linux-arm-gnueabihf': [ '4.57.1' ],
66 silly audit   '@rollup/rollup-linux-arm-musleabihf': [ '4.57.1' ],
66 silly audit   '@rollup/rollup-linux-arm64-musl': [ '4.57.1' ],
66 silly audit   '@rollup/rollup-linux-loong64-gnu': [ '4.57.1' ],
66 silly audit   '@rollup/rollup-linux-loong64-musl': [ '4.57.1' ],
66 silly audit   '@rollup/rollup-linux-ppc64-gnu': [ '4.57.1' ],
66 silly audit   '@rollup/rollup-linux-ppc64-musl': [ '4.57.1' ],
66 silly audit   '@rollup/rollup-linux-riscv64-gnu': [ '4.57.1' ],
66 silly audit   '@rollup/rollup-linux-riscv64-musl': [ '4.57.1' ],
66 silly audit   '@rollup/rollup-linux-s390x-gnu': [ '4.57.1' ],
66 silly audit   '@rollup/rollup-linux-x64-gnu': [ '4.9.5', '4.57.1' ],
66 silly audit   '@rollup/rollup-linux-x64-musl': [ '4.57.1' ],
66 silly audit   '@rollup/rollup-openbsd-x64': [ '4.57.1' ],
66 silly audit   '@rollup/rollup-openharmony-arm64': [ '4.57.1' ],
66 silly audit   '@rollup/rollup-win32-arm64-msvc': [ '4.57.1' ],
66 silly audit   '@rollup/rollup-win32-ia32-msvc': [ '4.57.1' ],
66 silly audit   '@rollup/rollup-win32-x64-gnu': [ '4.57.1' ],
66 silly audit   '@rollup/rollup-win32-x64-msvc': [ '4.57.1' ],
66 silly audit   '@swc/helpers': [ '0.5.18' ],
66 silly audit   '@tailwindcss/node': [ '4.1.18' ],
66 silly audit   '@tailwindcss/oxide': [ '4.1.18' ],
66 silly audit   '@tailwindcss/oxide-android-arm64': [ '4.1.18' ],
66 silly audit   '@tailwindcss/oxide-darwin-arm64': [ '4.1.18' ],
66 silly audit   '@tailwindcss/oxide-darwin-x64': [ '4.1.18' ],
66 silly audit   '@tailwindcss/oxide-freebsd-x64': [ '4.1.18' ],
66 silly audit   '@tailwindcss/oxide-linux-arm-gnueabihf': [ '4.1.18' ],
66 silly audit   '@tailwindcss/oxide-linux-arm64-gnu': [ '4.1.18' ],
66 silly audit   '@tailwindcss/oxide-linux-arm64-musl': [ '4.1.18' ],
66 silly audit   '@tailwindcss/oxide-linux-x64-gnu': [ '4.1.18' ],
66 silly audit   '@tailwindcss/oxide-linux-x64-musl': [ '4.1.18' ],
66 silly audit   '@tailwindcss/oxide-win32-arm64-msvc': [ '4.1.18' ],
66 silly audit   '@tailwindcss/oxide-win32-x64-msvc': [ '4.1.18' ],
66 silly audit   '@tailwindcss/vite': [ '4.1.18' ],
66 silly audit   '@tanstack/react-virtual': [ '3.13.18' ],
66 silly audit   '@tanstack/virtual-core': [ '3.13.18' ],
66 silly audit   '@types/babel__core': [ '7.20.5' ],
66 silly audit   '@types/babel__generator': [ '7.27.0' ],
66 silly audit   '@types/babel__template': [ '7.4.4' ],
66 silly audit   '@types/babel__traverse': [ '7.28.0' ],
66 silly audit   '@types/estree': [ '1.0.8' ],
66 silly audit   '@types/json-schema': [ '7.0.15' ],
66 silly audit   '@types/lodash': [ '4.17.23' ],
66 silly audit   '@types/lodash-es': [ '4.17.12' ],
66 silly audit   '@types/node': [ '22.19.9' ],
66 silly audit   '@types/react': [ '19.2.13' ],
66 silly audit   '@types/react-dom': [ '19.2.3' ],
66 silly audit   '@typescript-eslint/eslint-plugin': [ '8.54.0' ],
66 silly audit   ignore: [ '7.0.5', '5.3.2' ],
66 silly audit   '@typescript-eslint/parser': [ '8.54.0' ],
66 silly audit   '@typescript-eslint/project-service': [ '8.54.0' ],
66 silly audit   '@typescript-eslint/scope-manager': [ '8.54.0' ],
66 silly audit   '@typescript-eslint/tsconfig-utils': [ '8.54.0' ],
66 silly audit   '@typescript-eslint/type-utils': [ '8.54.0' ],
66 silly audit   '@typescript-eslint/types': [ '8.54.0' ],
66 silly audit   '@typescript-eslint/typescript-estree': [ '8.54.0' ],
66 silly audit   'brace-expansion': [ '2.0.2', '1.1.12' ],
66 silly audit   minimatch: [ '9.0.5', '3.1.2' ],
66 silly audit   semver: [ '7.7.4', '6.3.1' ],
66 silly audit   '@typescript-eslint/utils': [ '8.54.0' ],
66 silly audit   '@typescript-eslint/visitor-keys': [ '8.54.0' ],
66 silly audit   '@vitejs/plugin-react': [ '4.7.0' ],
66 silly audit   acorn: [ '8.15.0' ],
66 silly audit   'acorn-jsx': [ '5.3.2' ],
66 silly audit   ajv: [ '6.12.6' ],
66 silly audit   'ansi-regex': [ '5.0.1' ],
66 silly audit   'ansi-styles': [ '4.3.0' ],
66 silly audit   argparse: [ '2.0.1' ],
66 silly audit   'aria-hidden': [ '1.2.6' ],
66 silly audit   'array-buffer-byte-length': [ '1.0.2' ],
66 silly audit   'array-includes': [ '3.1.9' ],
66 silly audit   'array.prototype.findlast': [ '1.2.5' ],
66 silly audit   'array.prototype.flat': [ '1.3.3' ],
66 silly audit   'array.prototype.flatmap': [ '1.3.3' ],
66 silly audit   'array.prototype.tosorted': [ '1.1.4' ],
66 silly audit   'arraybuffer.prototype.slice': [ '1.0.4' ],
66 silly audit   'async-function': [ '1.0.0' ],
66 silly audit   asynckit: [ '0.4.0' ],
66 silly audit   'available-typed-arrays': [ '1.0.7' ],
66 silly audit   axios: [ '1.13.4' ],
66 silly audit   'balanced-match': [ '1.0.2' ],
66 silly audit   'baseline-browser-mapping': [ '2.9.19' ],
66 silly audit   browserslist: [ '4.28.1' ],
66 silly audit   'call-bind': [ '1.0.8' ],
66 silly audit   'call-bind-apply-helpers': [ '1.0.2' ],
66 silly audit   'call-bound': [ '1.0.4' ],
66 silly audit   callsites: [ '3.1.0' ],
66 silly audit   'caniuse-lite': [ '1.0.30001769' ],
66 silly audit   chalk: [ '4.1.2' ],
66 silly audit   'supports-color': [ '7.2.0', '8.1.1' ],
66 silly audit   'class-variance-authority': [ '0.7.1' ],
66 silly audit   cliui: [ '8.0.1' ],
66 silly audit   clsx: [ '2.1.1' ],
66 silly audit   'color-convert': [ '2.0.1' ],
66 silly audit   'color-name': [ '1.1.4' ],
66 silly audit   'combined-stream': [ '1.0.8' ],
66 silly audit   'concat-map': [ '0.0.1' ],
66 silly audit   concurrently: [ '9.2.1' ],
66 silly audit   'convert-source-map': [ '2.0.0' ],
66 silly audit   'cross-spawn': [ '7.0.6' ],
66 silly audit   csstype: [ '3.2.3' ],
66 silly audit   'data-view-buffer': [ '1.0.2' ],
66 silly audit   'data-view-byte-length': [ '1.0.2' ],
66 silly audit   'data-view-byte-offset': [ '1.0.1' ],
66 silly audit   debug: [ '4.4.3' ],
66 silly audit   'deep-is': [ '0.1.4' ],
66 silly audit   'define-data-property': [ '1.1.4' ],
66 silly audit   'define-properties': [ '1.2.1' ],
66 silly audit   'delayed-stream': [ '1.0.0' ],
66 silly audit   'detect-libc': [ '2.1.2' ],
66 silly audit   'detect-node-es': [ '1.1.0' ],
66 silly audit   doctrine: [ '2.1.0' ],
66 silly audit   'dunder-proto': [ '1.0.1' ],
66 silly audit   'electron-to-chromium': [ '1.5.286' ],
66 silly audit   'emoji-regex': [ '8.0.0' ],
66 silly audit   'enhanced-resolve': [ '5.19.0' ],
66 silly audit   'es-abstract': [ '1.24.1' ],
66 silly audit   'es-define-property': [ '1.0.1' ],
66 silly audit   'es-errors': [ '1.3.0' ],
66 silly audit   'es-iterator-helpers': [ '1.2.2' ],
66 silly audit   'es-object-atoms': [ '1.1.1' ],
66 silly audit   'es-set-tostringtag': [ '2.1.0' ],
66 silly audit   'es-shim-unscopables': [ '1.1.0' ],
66 silly audit   'es-to-primitive': [ '1.3.0' ],
66 silly audit   esbuild: [ '0.25.12' ],
66 silly audit   escalade: [ '3.2.0' ],
66 silly audit   'escape-string-regexp': [ '4.0.0' ],
66 silly audit   eslint: [ '9.39.2' ],
66 silly audit   'eslint-config-prettier': [ '10.1.8' ],
66 silly audit   'eslint-plugin-react': [ '7.37.5' ],
66 silly audit   'eslint-plugin-react-hooks': [ '5.2.0' ],
66 silly audit   'eslint-scope': [ '8.4.0' ],
66 silly audit   espree: [ '10.4.0' ],
66 silly audit   esquery: [ '1.7.0' ],
66 silly audit   esrecurse: [ '4.3.0' ],
66 silly audit   estraverse: [ '5.3.0' ],
66 silly audit   esutils: [ '2.0.3' ],
66 silly audit   'fast-deep-equal': [ '3.1.3' ],
66 silly audit   'fast-json-stable-stringify': [ '2.1.0' ],
66 silly audit   'fast-levenshtein': [ '2.0.6' ],
66 silly audit   fdir: [ '6.5.0' ],
66 silly audit   'file-entry-cache': [ '8.0.0' ],
66 silly audit   'find-up': [ '5.0.0' ],
66 silly audit   'flat-cache': [ '4.0.1' ],
66 silly audit   flatted: [ '3.3.3' ],
66 silly audit   'follow-redirects': [ '1.15.11' ],
66 silly audit   'for-each': [ '0.3.5' ],
66 silly audit   'form-data': [ '4.0.5' ],
66 silly audit   'framer-motion': [ '12.33.0' ],
66 silly audit   fsevents: [ '2.3.3' ],
66 silly audit   'function-bind': [ '1.1.2' ],
66 silly audit   'function.prototype.name': [ '1.1.8' ],
66 silly audit   'functions-have-names': [ '1.2.3' ],
66 silly audit   'generator-function': [ '2.0.1' ],
66 silly audit   gensync: [ '1.0.0-beta.2' ],
66 silly audit   'get-caller-file': [ '2.0.5' ],
66 silly audit   'get-intrinsic': [ '1.3.0' ],
66 silly audit   'get-nonce': [ '1.0.1' ],
66 silly audit   'get-proto': [ '1.0.1' ],
66 silly audit   'get-symbol-description': [ '1.1.0' ],
66 silly audit   'glob-parent': [ '6.0.2' ],
66 silly audit   globalthis: [ '1.0.4' ],
66 silly audit   gopd: [ '1.2.0' ],
66 silly audit   'graceful-fs': [ '4.2.11' ],
66 silly audit   'has-bigints': [ '1.1.0' ],
66 silly audit   'has-flag': [ '4.0.0' ],
66 silly audit   'has-property-descriptors': [ '1.0.2' ],
66 silly audit   'has-proto': [ '1.2.0' ],
66 silly audit   'has-symbols': [ '1.1.0' ],
66 silly audit   'has-tostringtag': [ '1.0.2' ],
66 silly audit   hasown: [ '2.0.2' ],
66 silly audit   'import-fresh': [ '3.3.1' ],
66 silly audit   imurmurhash: [ '0.1.4' ],
66 silly audit   'internal-slot': [ '1.1.0' ],
66 silly audit   'is-array-buffer': [ '3.0.5' ],
66 silly audit   'is-async-function': [ '2.1.1' ],
66 silly audit   'is-bigint': [ '1.1.0' ],
66 silly audit   'is-boolean-object': [ '1.2.2' ],
66 silly audit   'is-callable': [ '1.2.7' ],
66 silly audit   'is-core-module': [ '2.16.1' ],
66 silly audit   'is-data-view': [ '1.0.2' ],
66 silly audit   'is-date-object': [ '1.1.0' ],
66 silly audit   'is-extglob': [ '2.1.1' ],
66 silly audit   'is-finalizationregistry': [ '1.1.1' ],
66 silly audit   'is-fullwidth-code-point': [ '3.0.0' ],
66 silly audit   'is-generator-function': [ '1.1.2' ],
66 silly audit   'is-glob': [ '4.0.3' ],
66 silly audit   'is-map': [ '2.0.3' ],
66 silly audit   'is-negative-zero': [ '2.0.3' ],
66 silly audit   'is-number-object': [ '1.1.1' ],
66 silly audit   'is-regex': [ '1.2.1' ],
66 silly audit   'is-set': [ '2.0.3' ],
66 silly audit   'is-shared-array-buffer': [ '1.0.4' ],
66 silly audit   'is-string': [ '1.1.1' ],
66 silly audit   'is-symbol': [ '1.1.1' ],
66 silly audit   'is-typed-array': [ '1.1.15' ],
66 silly audit   'is-weakmap': [ '2.0.2' ],
66 silly audit   'is-weakref': [ '1.1.1' ],
66 silly audit   'is-weakset': [ '2.0.4' ],
66 silly audit   isarray: [ '2.0.5' ],
66 silly audit   isexe: [ '2.0.0' ],
66 silly audit   'iterator.prototype': [ '1.1.5' ],
66 silly audit   jiti: [ '2.6.1' ],
66 silly audit   'js-tokens': [ '4.0.0' ],
66 silly audit   'js-yaml': [ '4.1.1' ],
66 silly audit   jsesc: [ '3.1.0' ],
66 silly audit   'json-buffer': [ '3.0.1' ],
66 silly audit   'json-schema-traverse': [ '0.4.1' ],
66 silly audit   'json-stable-stringify-without-jsonify': [ '1.0.1' ],
66 silly audit   json5: [ '2.2.3' ],
66 silly audit   'jsx-ast-utils': [ '3.3.5' ],
66 silly audit   keyv: [ '4.5.4' ],
66 silly audit   'laravel-precognition': [ '1.0.2' ],
66 silly audit   'laravel-vite-plugin': [ '1.3.0' ],
66 silly audit   levn: [ '0.4.1' ],
66 silly audit   lightningcss: [ '1.30.2' ],
66 silly audit   'lightningcss-android-arm64': [ '1.30.2' ],
66 silly audit   'lightningcss-darwin-arm64': [ '1.30.2' ],
66 silly audit   'lightningcss-darwin-x64': [ '1.30.2' ],
66 silly audit   'lightningcss-freebsd-x64': [ '1.30.2' ],
66 silly audit   'lightningcss-linux-arm-gnueabihf': [ '1.30.2' ],
66 silly audit   'lightningcss-linux-arm64-gnu': [ '1.30.2' ],
66 silly audit   'lightningcss-linux-arm64-musl': [ '1.30.2' ],
66 silly audit   'lightningcss-linux-x64-gnu': [ '1.31.1', '1.30.2' ],
66 silly audit   'lightningcss-linux-x64-musl': [ '1.30.2' ],
66 silly audit   'lightningcss-win32-arm64-msvc': [ '1.30.2' ],
66 silly audit   'lightningcss-win32-x64-msvc': [ '1.30.2' ],
66 silly audit   'locate-path': [ '6.0.0' ],
66 silly audit   'lodash-es': [ '4.17.23' ],
66 silly audit   'lodash.merge': [ '4.6.2' ],
66 silly audit   'loose-envify': [ '1.4.0' ],
66 silly audit   'lru-cache': [ '5.1.1' ],
66 silly audit   'lucide-react': [ '0.475.0' ],
66 silly audit   'magic-string': [ '0.30.21' ],
66 silly audit   'math-intrinsics': [ '1.1.0' ],
66 silly audit   'mime-db': [ '1.52.0' ],
66 silly audit   'mime-types': [ '2.1.35' ],
66 silly audit   'motion-dom': [ '12.33.0' ],
66 silly audit   'motion-utils': [ '12.29.2' ],
66 silly audit   ms: [ '2.1.3' ],
66 silly audit   nanoid: [ '3.3.11' ],
66 silly audit   'natural-compare': [ '1.4.0' ],
66 silly audit   'node-releases': [ '2.0.27' ],
66 silly audit   'object-assign': [ '4.1.1' ],
66 silly audit   'object-inspect': [ '1.13.4' ],
66 silly audit   'object-keys': [ '1.1.1' ],
66 silly audit   'object.assign': [ '4.1.7' ],
66 silly audit   'object.entries': [ '1.1.9' ],
66 silly audit   'object.fromentries': [ '2.0.8' ],
66 silly audit   'object.values': [ '1.2.1' ],
66 silly audit   optionator: [ '0.9.4' ],
66 silly audit   'own-keys': [ '1.0.1' ],
66 silly audit   'p-limit': [ '3.1.0' ],
66 silly audit   'p-locate': [ '5.0.0' ],
66 silly audit   'parent-module': [ '1.0.1' ],
66 silly audit   'path-exists': [ '4.0.0' ],
66 silly audit   'path-key': [ '3.1.1' ],
66 silly audit   'path-parse': [ '1.0.7' ],
66 silly audit   picocolors: [ '1.1.1' ],
66 silly audit   picomatch: [ '4.0.3', '2.3.1' ],
66 silly audit   'possible-typed-array-names': [ '1.1.0' ],
66 silly audit   postcss: [ '8.5.6' ],
66 silly audit   'prelude-ls': [ '1.2.1' ],
66 silly audit   prettier: [ '3.8.1' ],
66 silly audit   'prettier-plugin-organize-imports': [ '4.3.0' ],
66 silly audit   'prettier-plugin-tailwindcss': [ '0.6.14' ],
66 silly audit   'prop-types': [ '15.8.1' ],
66 silly audit   'proxy-from-env': [ '1.1.0' ],
66 silly audit   punycode: [ '2.3.1' ],
66 silly audit   qs: [ '6.14.1' ],
66 silly audit   react: [ '19.2.4' ],
66 silly audit   'react-dom': [ '19.2.4' ],
66 silly audit   'react-is': [ '16.13.1' ],
66 silly audit   'react-refresh': [ '0.17.0' ],
66 silly audit   'react-remove-scroll': [ '2.7.2' ],
66 silly audit   'react-remove-scroll-bar': [ '2.3.8' ],
66 silly audit   'react-style-singleton': [ '2.2.3' ],
66 silly audit   'reflect.getprototypeof': [ '1.0.10' ],
66 silly audit   'regexp.prototype.flags': [ '1.5.4' ],
66 silly audit   'require-directory': [ '2.1.1' ],
66 silly audit   resolve: [ '2.0.0-next.5' ],
66 silly audit   'resolve-from': [ '4.0.0' ],
66 silly audit   rollup: [ '4.57.1' ],
66 silly audit   rxjs: [ '7.8.2' ],
66 silly audit   'safe-array-concat': [ '1.1.3' ],
66 silly audit   'safe-push-apply': [ '1.0.0' ],
66 silly audit   'safe-regex-test': [ '1.1.0' ],
66 silly audit   scheduler: [ '0.27.0' ],
66 silly audit   'set-function-length': [ '1.2.2' ],
66 silly audit   'set-function-name': [ '2.0.2' ],
66 silly audit   'set-proto': [ '1.0.0' ],
66 silly audit   'shebang-command': [ '2.0.0' ],
66 silly audit   'shebang-regex': [ '3.0.0' ],
66 silly audit   'shell-quote': [ '1.8.3' ],
66 silly audit   'side-channel': [ '1.1.0' ],
66 silly audit   'side-channel-list': [ '1.0.0' ],
66 silly audit   'side-channel-map': [ '1.0.1' ],
66 silly audit   'side-channel-weakmap': [ '1.0.2' ],
66 silly audit   sonner: [ '2.0.7' ],
66 silly audit   'source-map-js': [ '1.2.1' ],
66 silly audit   'stop-iteration-iterator': [ '1.1.0' ],
66 silly audit   'string-width': [ '4.2.3' ],
66 silly audit   'string.prototype.matchall': [ '4.0.12' ],
66 silly audit   'string.prototype.repeat': [ '1.0.0' ],
66 silly audit   'string.prototype.trim': [ '1.2.10' ],
66 silly audit   'string.prototype.trimend': [ '1.0.9' ],
66 silly audit   'string.prototype.trimstart': [ '1.0.8' ],
66 silly audit   'strip-ansi': [ '6.0.1' ],
66 silly audit   'strip-json-comments': [ '3.1.1' ],
66 silly audit   'supports-preserve-symlinks-flag': [ '1.0.0' ],
66 silly audit   tabbable: [ '6.4.0' ],
66 silly audit   'tailwind-merge': [ '3.4.0' ],
66 silly audit   tailwindcss: [ '4.1.18' ],
66 silly audit   'tailwindcss-animate': [ '1.0.7' ],
66 silly audit   tapable: [ '2.3.0' ],
66 silly audit   tinyglobby: [ '0.2.15' ],
66 silly audit   'tree-kill': [ '1.2.2' ],
66 silly audit   'ts-api-utils': [ '2.4.0' ],
66 silly audit   tslib: [ '2.8.1' ],
66 silly audit   'type-check': [ '0.4.0' ],
66 silly audit   'typed-array-buffer': [ '1.0.3' ],
66 silly audit   'typed-array-byte-length': [ '1.0.3' ],
66 silly audit   'typed-array-byte-offset': [ '1.0.4' ],
66 silly audit   'typed-array-length': [ '1.0.7' ],
66 silly audit   typescript: [ '5.9.3' ],
66 silly audit   'typescript-eslint': [ '8.54.0' ],
66 silly audit   'unbox-primitive': [ '1.1.0' ],
66 silly audit   'undici-types': [ '6.21.0' ],
66 silly audit   'update-browserslist-db': [ '1.2.3' ],
66 silly audit   'uri-js': [ '4.4.1' ],
66 silly audit   'use-callback-ref': [ '1.3.3' ],
66 silly audit   'use-sidecar': [ '1.1.3' ],
66 silly audit   'use-sync-external-store': [ '1.6.0' ],
66 silly audit   vite: [ '6.4.1' ],
66 silly audit   'vite-plugin-full-reload': [ '1.2.0' ],
66 silly audit   which: [ '2.0.2' ],
66 silly audit   'which-boxed-primitive': [ '1.1.1' ],
66 silly audit   'which-builtin-type': [ '1.2.1' ],
66 silly audit   'which-collection': [ '1.0.2' ],
66 silly audit   'which-typed-array': [ '1.1.20' ],
66 silly audit   'word-wrap': [ '1.2.5' ],
66 silly audit   'wrap-ansi': [ '7.0.0' ],
66 silly audit   y18n: [ '5.0.8' ],
66 silly audit   yallist: [ '3.1.1' ],
66 silly audit   yargs: [ '17.7.2' ],
66 silly audit   'yargs-parser': [ '21.1.1' ],
66 silly audit   'yocto-queue': [ '0.1.0' ],
66 silly audit   '@esbuild/linux-arm64': [ '0.27.3', '0.25.12' ],
66 silly audit   '@rollup/rollup-linux-arm64-gnu': [ '4.57.1' ],
66 silly audit   '@tailwindcss/oxide-wasm32-wasi': [ '4.1.18' ]
66 silly audit }
67 verbose reify failed optional dependency /var/www/node_modules/lightningcss-win32-x64-msvc
68 silly reify mark deleted [ '/var/www/node_modules/lightningcss-win32-x64-msvc' ]
69 verbose reify failed optional dependency /var/www/node_modules/lightningcss-win32-arm64-msvc
70 silly reify mark deleted [ '/var/www/node_modules/lightningcss-win32-arm64-msvc' ]
71 verbose reify failed optional dependency /var/www/node_modules/lightningcss-linux-x64-musl
72 silly reify mark deleted [ '/var/www/node_modules/lightningcss-linux-x64-musl' ]
73 verbose reify failed optional dependency /var/www/node_modules/lightningcss-linux-x64-gnu
74 silly reify mark deleted [ '/var/www/node_modules/lightningcss-linux-x64-gnu' ]
75 verbose reify failed optional dependency /var/www/node_modules/lightningcss-linux-arm-gnueabihf
76 silly reify mark deleted [ '/var/www/node_modules/lightningcss-linux-arm-gnueabihf' ]
77 verbose reify failed optional dependency /var/www/node_modules/lightningcss-freebsd-x64
78 silly reify mark deleted [ '/var/www/node_modules/lightningcss-freebsd-x64' ]
79 verbose reify failed optional dependency /var/www/node_modules/lightningcss-darwin-x64
80 silly reify mark deleted [ '/var/www/node_modules/lightningcss-darwin-x64' ]
81 verbose reify failed optional dependency /var/www/node_modules/lightningcss-darwin-arm64
82 silly reify mark deleted [ '/var/www/node_modules/lightningcss-darwin-arm64' ]
83 verbose reify failed optional dependency /var/www/node_modules/lightningcss-android-arm64
84 silly reify mark deleted [ '/var/www/node_modules/lightningcss-android-arm64' ]
85 verbose reify failed optional dependency /var/www/node_modules/fsevents
86 silly reify mark deleted [ '/var/www/node_modules/fsevents' ]
87 verbose reify failed optional dependency /var/www/node_modules/@tailwindcss/oxide-win32-x64-msvc
88 silly reify mark deleted [ '/var/www/node_modules/@tailwindcss/oxide-win32-x64-msvc' ]
89 verbose reify failed optional dependency /var/www/node_modules/@tailwindcss/oxide-win32-arm64-msvc
90 silly reify mark deleted [ '/var/www/node_modules/@tailwindcss/oxide-win32-arm64-msvc' ]
91 verbose reify failed optional dependency /var/www/node_modules/@tailwindcss/oxide-linux-x64-musl
92 silly reify mark deleted [ '/var/www/node_modules/@tailwindcss/oxide-linux-x64-musl' ]
93 verbose reify failed optional dependency /var/www/node_modules/@tailwindcss/oxide-linux-x64-gnu
94 silly reify mark deleted [ '/var/www/node_modules/@tailwindcss/oxide-linux-x64-gnu' ]
95 verbose reify failed optional dependency /var/www/node_modules/@tailwindcss/oxide-linux-arm-gnueabihf
96 silly reify mark deleted [ '/var/www/node_modules/@tailwindcss/oxide-linux-arm-gnueabihf' ]
97 verbose reify failed optional dependency /var/www/node_modules/@tailwindcss/oxide-freebsd-x64
98 silly reify mark deleted [ '/var/www/node_modules/@tailwindcss/oxide-freebsd-x64' ]
99 verbose reify failed optional dependency /var/www/node_modules/@tailwindcss/oxide-darwin-x64
100 silly reify mark deleted [ '/var/www/node_modules/@tailwindcss/oxide-darwin-x64' ]
101 verbose reify failed optional dependency /var/www/node_modules/@tailwindcss/oxide-darwin-arm64
102 silly reify mark deleted [ '/var/www/node_modules/@tailwindcss/oxide-darwin-arm64' ]
103 verbose reify failed optional dependency /var/www/node_modules/@tailwindcss/oxide-android-arm64
104 silly reify mark deleted [ '/var/www/node_modules/@tailwindcss/oxide-android-arm64' ]
105 verbose reify failed optional dependency /var/www/node_modules/@rollup/rollup-win32-x64-msvc
106 silly reify mark deleted [ '/var/www/node_modules/@rollup/rollup-win32-x64-msvc' ]
107 verbose reify failed optional dependency /var/www/node_modules/@rollup/rollup-win32-x64-gnu
108 silly reify mark deleted [ '/var/www/node_modules/@rollup/rollup-win32-x64-gnu' ]
109 verbose reify failed optional dependency /var/www/node_modules/@rollup/rollup-win32-ia32-msvc
110 silly reify mark deleted [ '/var/www/node_modules/@rollup/rollup-win32-ia32-msvc' ]
111 verbose reify failed optional dependency /var/www/node_modules/@rollup/rollup-win32-arm64-msvc
112 silly reify mark deleted [ '/var/www/node_modules/@rollup/rollup-win32-arm64-msvc' ]
113 verbose reify failed optional dependency /var/www/node_modules/@rollup/rollup-openharmony-arm64
114 silly reify mark deleted [ '/var/www/node_modules/@rollup/rollup-openharmony-arm64' ]
115 verbose reify failed optional dependency /var/www/node_modules/@rollup/rollup-openbsd-x64
116 silly reify mark deleted [ '/var/www/node_modules/@rollup/rollup-openbsd-x64' ]
117 verbose reify failed optional dependency /var/www/node_modules/@rollup/rollup-linux-x64-musl
118 silly reify mark deleted [ '/var/www/node_modules/@rollup/rollup-linux-x64-musl' ]
119 verbose reify failed optional dependency /var/www/node_modules/@rollup/rollup-linux-x64-gnu
120 silly reify mark deleted [ '/var/www/node_modules/@rollup/rollup-linux-x64-gnu' ]
121 verbose reify failed optional dependency /var/www/node_modules/@rollup/rollup-linux-s390x-gnu
122 silly reify mark deleted [ '/var/www/node_modules/@rollup/rollup-linux-s390x-gnu' ]
123 verbose reify failed optional dependency /var/www/node_modules/@rollup/rollup-linux-riscv64-musl
124 silly reify mark deleted [ '/var/www/node_modules/@rollup/rollup-linux-riscv64-musl' ]
125 verbose reify failed optional dependency /var/www/node_modules/@rollup/rollup-linux-riscv64-gnu
126 silly reify mark deleted [ '/var/www/node_modules/@rollup/rollup-linux-riscv64-gnu' ]
127 verbose reify failed optional dependency /var/www/node_modules/@rollup/rollup-linux-ppc64-musl
128 silly reify mark deleted [ '/var/www/node_modules/@rollup/rollup-linux-ppc64-musl' ]
129 verbose reify failed optional dependency /var/www/node_modules/@rollup/rollup-linux-ppc64-gnu
130 silly reify mark deleted [ '/var/www/node_modules/@rollup/rollup-linux-ppc64-gnu' ]
131 verbose reify failed optional dependency /var/www/node_modules/@rollup/rollup-linux-loong64-musl
132 silly reify mark deleted [ '/var/www/node_modules/@rollup/rollup-linux-loong64-musl' ]
133 verbose reify failed optional dependency /var/www/node_modules/@rollup/rollup-linux-loong64-gnu
134 silly reify mark deleted [ '/var/www/node_modules/@rollup/rollup-linux-loong64-gnu' ]
135 verbose reify failed optional dependency /var/www/node_modules/@rollup/rollup-linux-arm-musleabihf
136 silly reify mark deleted [ '/var/www/node_modules/@rollup/rollup-linux-arm-musleabihf' ]
137 verbose reify failed optional dependency /var/www/node_modules/@rollup/rollup-linux-arm-gnueabihf
138 silly reify mark deleted [ '/var/www/node_modules/@rollup/rollup-linux-arm-gnueabihf' ]
139 verbose reify failed optional dependency /var/www/node_modules/@rollup/rollup-freebsd-x64
140 silly reify mark deleted [ '/var/www/node_modules/@rollup/rollup-freebsd-x64' ]
141 verbose reify failed optional dependency /var/www/node_modules/@rollup/rollup-freebsd-arm64
142 silly reify mark deleted [ '/var/www/node_modules/@rollup/rollup-freebsd-arm64' ]
143 verbose reify failed optional dependency /var/www/node_modules/@rollup/rollup-darwin-x64
144 silly reify mark deleted [ '/var/www/node_modules/@rollup/rollup-darwin-x64' ]
145 verbose reify failed optional dependency /var/www/node_modules/@rollup/rollup-darwin-arm64
146 silly reify mark deleted [ '/var/www/node_modules/@rollup/rollup-darwin-arm64' ]
147 verbose reify failed optional dependency /var/www/node_modules/@rollup/rollup-android-arm64
148 silly reify mark deleted [ '/var/www/node_modules/@rollup/rollup-android-arm64' ]
149 verbose reify failed optional dependency /var/www/node_modules/@rollup/rollup-android-arm-eabi
150 silly reify mark deleted [ '/var/www/node_modules/@rollup/rollup-android-arm-eabi' ]
151 verbose reify failed optional dependency /var/www/node_modules/@esbuild/win32-x64
152 silly reify mark deleted [ '/var/www/node_modules/@esbuild/win32-x64' ]
153 verbose reify failed optional dependency /var/www/node_modules/@esbuild/win32-ia32
154 silly reify mark deleted [ '/var/www/node_modules/@esbuild/win32-ia32' ]
155 verbose reify failed optional dependency /var/www/node_modules/@esbuild/win32-arm64
156 silly reify mark deleted [ '/var/www/node_modules/@esbuild/win32-arm64' ]
157 verbose reify failed optional dependency /var/www/node_modules/@esbuild/sunos-x64
158 silly reify mark deleted [ '/var/www/node_modules/@esbuild/sunos-x64' ]
159 verbose reify failed optional dependency /var/www/node_modules/@esbuild/openharmony-arm64
160 silly reify mark deleted [ '/var/www/node_modules/@esbuild/openharmony-arm64' ]
161 verbose reify failed optional dependency /var/www/node_modules/@esbuild/openbsd-x64
162 silly reify mark deleted [ '/var/www/node_modules/@esbuild/openbsd-x64' ]
163 verbose reify failed optional dependency /var/www/node_modules/@esbuild/openbsd-arm64
164 silly reify mark deleted [ '/var/www/node_modules/@esbuild/openbsd-arm64' ]
165 verbose reify failed optional dependency /var/www/node_modules/@esbuild/netbsd-x64
166 silly reify mark deleted [ '/var/www/node_modules/@esbuild/netbsd-x64' ]
167 verbose reify failed optional dependency /var/www/node_modules/@esbuild/netbsd-arm64
168 silly reify mark deleted [ '/var/www/node_modules/@esbuild/netbsd-arm64' ]
169 verbose reify failed optional dependency /var/www/node_modules/@esbuild/linux-x64
170 silly reify mark deleted [ '/var/www/node_modules/@esbuild/linux-x64' ]
171 verbose reify failed optional dependency /var/www/node_modules/@esbuild/linux-s390x
172 silly reify mark deleted [ '/var/www/node_modules/@esbuild/linux-s390x' ]
173 verbose reify failed optional dependency /var/www/node_modules/@esbuild/linux-riscv64
174 silly reify mark deleted [ '/var/www/node_modules/@esbuild/linux-riscv64' ]
175 verbose reify failed optional dependency /var/www/node_modules/@esbuild/linux-ppc64
176 silly reify mark deleted [ '/var/www/node_modules/@esbuild/linux-ppc64' ]
177 verbose reify failed optional dependency /var/www/node_modules/@esbuild/linux-mips64el
178 silly reify mark deleted [ '/var/www/node_modules/@esbuild/linux-mips64el' ]
179 verbose reify failed optional dependency /var/www/node_modules/@esbuild/linux-loong64
180 silly reify mark deleted [ '/var/www/node_modules/@esbuild/linux-loong64' ]
181 verbose reify failed optional dependency /var/www/node_modules/@esbuild/linux-ia32
182 silly reify mark deleted [ '/var/www/node_modules/@esbuild/linux-ia32' ]
183 verbose reify failed optional dependency /var/www/node_modules/@esbuild/linux-arm
184 silly reify mark deleted [ '/var/www/node_modules/@esbuild/linux-arm' ]
185 verbose reify failed optional dependency /var/www/node_modules/@esbuild/freebsd-x64
186 silly reify mark deleted [ '/var/www/node_modules/@esbuild/freebsd-x64' ]
187 verbose reify failed optional dependency /var/www/node_modules/@esbuild/freebsd-arm64
188 silly reify mark deleted [ '/var/www/node_modules/@esbuild/freebsd-arm64' ]
189 verbose reify failed optional dependency /var/www/node_modules/@esbuild/darwin-x64
190 silly reify mark deleted [ '/var/www/node_modules/@esbuild/darwin-x64' ]
191 verbose reify failed optional dependency /var/www/node_modules/@esbuild/darwin-arm64
192 silly reify mark deleted [ '/var/www/node_modules/@esbuild/darwin-arm64' ]
193 verbose reify failed optional dependency /var/www/node_modules/@esbuild/android-x64
194 silly reify mark deleted [ '/var/www/node_modules/@esbuild/android-x64' ]
195 verbose reify failed optional dependency /var/www/node_modules/@esbuild/android-arm64
196 silly reify mark deleted [ '/var/www/node_modules/@esbuild/android-arm64' ]
197 verbose reify failed optional dependency /var/www/node_modules/@esbuild/android-arm
198 silly reify mark deleted [ '/var/www/node_modules/@esbuild/android-arm' ]
199 verbose reify failed optional dependency /var/www/node_modules/@esbuild/aix-ppc64
200 silly reify mark deleted [ '/var/www/node_modules/@esbuild/aix-ppc64' ]
201 verbose reify failed optional dependency /var/www/node_modules/rollup/node_modules/@rollup/rollup-linux-x64-gnu
202 silly reify mark deleted [
202 silly reify   '/var/www/node_modules/rollup/node_modules/@rollup/rollup-linux-x64-gnu'
202 silly reify ]
203 verbose reify failed optional dependency /var/www/node_modules/lightningcss/node_modules/lightningcss-linux-x64-gnu
204 silly reify mark deleted [
204 silly reify   '/var/www/node_modules/lightningcss/node_modules/lightningcss-linux-x64-gnu'
204 silly reify ]
205 timing reifyNode:node_modules/lightningcss-win32-x64-msvc Completed in 72ms
206 timing reifyNode:node_modules/lightningcss-win32-arm64-msvc Completed in 70ms
207 timing reifyNode:node_modules/lightningcss-linux-x64-musl Completed in 70ms
208 timing reifyNode:node_modules/lightningcss-linux-x64-gnu Completed in 67ms
209 timing reifyNode:node_modules/lightningcss-linux-arm-gnueabihf Completed in 65ms
210 timing reifyNode:node_modules/lightningcss-freebsd-x64 Completed in 64ms
211 timing reifyNode:node_modules/lightningcss-darwin-x64 Completed in 65ms
212 timing reifyNode:node_modules/lightningcss-darwin-arm64 Completed in 65ms
213 timing reifyNode:node_modules/lightningcss-android-arm64 Completed in 55ms
214 timing reifyNode:node_modules/fsevents Completed in 55ms
215 timing reifyNode:node_modules/@tailwindcss/oxide-win32-x64-msvc Completed in 55ms
216 timing reifyNode:node_modules/@tailwindcss/oxide-win32-arm64-msvc Completed in 55ms
217 timing reifyNode:node_modules/@tailwindcss/oxide-linux-x64-musl Completed in 55ms
218 timing reifyNode:node_modules/@tailwindcss/oxide-linux-x64-gnu Completed in 55ms
219 timing reifyNode:node_modules/@tailwindcss/oxide-linux-arm-gnueabihf Completed in 55ms
220 timing reifyNode:node_modules/@tailwindcss/oxide-freebsd-x64 Completed in 56ms
221 timing reifyNode:node_modules/@tailwindcss/oxide-darwin-x64 Completed in 54ms
222 timing reifyNode:node_modules/@tailwindcss/oxide-darwin-arm64 Completed in 54ms
223 timing reifyNode:node_modules/@tailwindcss/oxide-android-arm64 Completed in 54ms
224 timing reifyNode:node_modules/@rollup/rollup-win32-x64-msvc Completed in 54ms
225 timing reifyNode:node_modules/@rollup/rollup-win32-x64-gnu Completed in 53ms
226 timing reifyNode:node_modules/@rollup/rollup-win32-ia32-msvc Completed in 52ms
227 timing reifyNode:node_modules/@rollup/rollup-win32-arm64-msvc Completed in 52ms
228 timing reifyNode:node_modules/@rollup/rollup-openharmony-arm64 Completed in 52ms
229 timing reifyNode:node_modules/@rollup/rollup-openbsd-x64 Completed in 50ms
230 timing reifyNode:node_modules/@rollup/rollup-linux-x64-musl Completed in 49ms
231 timing reifyNode:node_modules/@rollup/rollup-linux-x64-gnu Completed in 49ms
232 timing reifyNode:node_modules/@rollup/rollup-linux-s390x-gnu Completed in 49ms
233 timing reifyNode:node_modules/@rollup/rollup-linux-riscv64-musl Completed in 49ms
234 timing reifyNode:node_modules/@rollup/rollup-linux-riscv64-gnu Completed in 48ms
235 timing reifyNode:node_modules/@rollup/rollup-linux-ppc64-musl Completed in 48ms
236 timing reifyNode:node_modules/@rollup/rollup-linux-ppc64-gnu Completed in 47ms
237 timing reifyNode:node_modules/@rollup/rollup-linux-loong64-musl Completed in 46ms
238 timing reifyNode:node_modules/@rollup/rollup-linux-loong64-gnu Completed in 46ms
239 timing reifyNode:node_modules/@rollup/rollup-linux-arm-musleabihf Completed in 46ms
240 timing reifyNode:node_modules/@rollup/rollup-linux-arm-gnueabihf Completed in 45ms
241 timing reifyNode:node_modules/@rollup/rollup-freebsd-x64 Completed in 45ms
242 timing reifyNode:node_modules/@rollup/rollup-freebsd-arm64 Completed in 45ms
243 timing reifyNode:node_modules/@rollup/rollup-darwin-x64 Completed in 45ms
244 timing reifyNode:node_modules/@rollup/rollup-darwin-arm64 Completed in 45ms
245 timing reifyNode:node_modules/@rollup/rollup-android-arm64 Completed in 45ms
246 timing reifyNode:node_modules/@rollup/rollup-android-arm-eabi Completed in 45ms
247 timing reifyNode:node_modules/@esbuild/win32-x64 Completed in 44ms
248 timing reifyNode:node_modules/@esbuild/win32-ia32 Completed in 44ms
249 timing reifyNode:node_modules/@esbuild/win32-arm64 Completed in 45ms
250 timing reifyNode:node_modules/@esbuild/sunos-x64 Completed in 45ms
251 timing reifyNode:node_modules/@esbuild/openharmony-arm64 Completed in 45ms
252 timing reifyNode:node_modules/@esbuild/openbsd-x64 Completed in 45ms
253 timing reifyNode:node_modules/@esbuild/openbsd-arm64 Completed in 45ms
254 timing reifyNode:node_modules/@esbuild/netbsd-x64 Completed in 47ms
255 timing reifyNode:node_modules/@esbuild/netbsd-arm64 Completed in 47ms
256 timing reifyNode:node_modules/@esbuild/linux-x64 Completed in 47ms
257 timing reifyNode:node_modules/@esbuild/linux-s390x Completed in 47ms
258 timing reifyNode:node_modules/@esbuild/linux-riscv64 Completed in 47ms
259 timing reifyNode:node_modules/@esbuild/linux-ppc64 Completed in 49ms
260 timing reifyNode:node_modules/@esbuild/linux-mips64el Completed in 48ms
261 timing reifyNode:node_modules/@esbuild/linux-loong64 Completed in 48ms
262 timing reifyNode:node_modules/@esbuild/linux-ia32 Completed in 48ms
263 timing reifyNode:node_modules/@esbuild/linux-arm Completed in 48ms
264 timing reifyNode:node_modules/@esbuild/freebsd-x64 Completed in 48ms
265 timing reifyNode:node_modules/@esbuild/freebsd-arm64 Completed in 47ms
266 timing reifyNode:node_modules/@esbuild/darwin-x64 Completed in 47ms
267 timing reifyNode:node_modules/@esbuild/darwin-arm64 Completed in 48ms
268 timing reifyNode:node_modules/@esbuild/android-x64 Completed in 47ms
269 timing reifyNode:node_modules/@esbuild/android-arm64 Completed in 47ms
270 timing reifyNode:node_modules/@esbuild/android-arm Completed in 47ms
271 timing reifyNode:node_modules/@esbuild/aix-ppc64 Completed in 46ms
272 timing reifyNode:node_modules/rollup/node_modules/@rollup/rollup-linux-x64-gnu Completed in 46ms
273 timing reifyNode:node_modules/lightningcss/node_modules/lightningcss-linux-x64-gnu Completed in 45ms
274 silly tarball no local data for @esbuild/linux-arm64@https://registry.npmjs.org/@esbuild/linux-arm64/-/linux-arm64-0.27.3.tgz. Extracting by manifest.
275 http fetch POST 200 https://registry.npmjs.org/-/npm/v1/security/advisories/bulk 570ms
276 timing auditReport:getReport Completed in 594ms
277 silly audit report {}
278 timing auditReport:init Completed in 0ms
279 timing reify:audit Completed in 600ms
280 timing reifyNode:node_modules/esbuild/node_modules/@esbuild/linux-arm64 Completed in 964ms
281 http fetch GET 200 https://registry.npmjs.org/@esbuild/linux-arm64/-/linux-arm64-0.27.3.tgz 2930ms (cache miss)
282 timing reifyNode:node_modules/@esbuild/linux-arm64 Completed in 3020ms
283 timing reify:unpack Completed in 3061ms
284 timing reify:unretire Completed in 5ms
285 timing build:queue Completed in 15ms
286 timing build:deps Completed in 18ms
287 timing build Completed in 19ms
288 timing reify:build Completed in 26ms
289 timing reify:trash Completed in 39ms
290 timing reify:save Completed in 308ms
291 timing reify Completed in 6078ms
292 silly ADD
293 silly ADD
294 silly ADD
295 silly ADD
296 silly ADD
297 silly ADD
298 silly ADD
299 silly ADD
300 silly ADD
301 silly ADD
302 silly ADD
303 silly ADD
304 silly ADD
305 silly ADD
306 silly ADD
307 silly ADD
308 silly ADD
309 silly ADD
310 silly ADD
311 silly ADD
312 silly ADD
313 silly ADD
314 silly ADD
315 silly ADD
316 silly ADD
317 silly ADD
318 silly ADD
319 silly ADD
320 silly ADD
321 silly ADD
322 silly ADD
323 silly ADD
324 silly ADD
325 silly ADD
326 silly ADD
327 silly ADD
328 silly ADD
329 silly ADD
330 silly ADD
331 silly ADD
332 silly ADD
333 silly ADD
334 silly ADD
335 silly ADD
336 silly ADD
337 silly ADD
338 silly ADD
339 silly ADD
340 silly ADD
341 silly ADD
342 silly ADD
343 silly ADD
344 silly ADD
345 silly ADD
346 silly ADD
347 silly ADD
348 silly ADD
349 silly ADD
350 silly ADD
351 silly ADD
352 silly ADD
353 silly ADD
354 silly ADD
355 silly ADD
356 silly ADD
357 silly ADD
358 silly ADD
359 silly ADD
360 silly ADD
361 silly ADD
362 silly ADD node_modules/esbuild/node_modules/@esbuild/linux-arm64
363 silly CHANGE node_modules/@esbuild/linux-arm64
364 timing command:install Completed in 6104ms
365 verbose exit 0
366 timing npm Completed in 6253ms
367 info ok
